<?xml version="1.0" encoding="UTF-8"?>
<coverage generated="1525520641607" clover="3.2.0">
  <project timestamp="1525520641607" name="All files">
    <metrics statements="449" coveredstatements="349" conditionals="102" coveredconditionals="63" methods="142" coveredmethods="87" elements="693" coveredelements="499" complexity="0" loc="449" ncloc="449" packages="8" files="19" classes="19">
      <package name="src">
        <metrics statements="44" coveredstatements="44" conditionals="0" coveredconditionals="0" methods="0" coveredmethods="0"/>
        <file name="app.ts" path="C:\Users\mareksl\Documents\GitHub\ts-backend-playground\src\app.ts">
          <metrics statements="44" coveredstatements="44" conditionals="0" coveredconditionals="0" methods="0" coveredmethods="0"/>
          <line num="1" count="4" type="stmt"/>
          <line num="2" count="4" type="stmt"/>
          <line num="3" count="4" type="stmt"/>
          <line num="5" count="4" type="stmt"/>
          <line num="6" count="4" type="stmt"/>
          <line num="7" count="4" type="stmt"/>
          <line num="9" count="4" type="stmt"/>
          <line num="11" count="4" type="stmt"/>
          <line num="12" count="4" type="stmt"/>
          <line num="13" count="4" type="stmt"/>
          <line num="14" count="4" type="stmt"/>
          <line num="15" count="4" type="stmt"/>
          <line num="16" count="4" type="stmt"/>
          <line num="18" count="4" type="stmt"/>
          <line num="20" count="4" type="stmt"/>
          <line num="22" count="4" type="stmt"/>
          <line num="24" count="4" type="stmt"/>
          <line num="25" count="4" type="stmt"/>
          <line num="27" count="4" type="stmt"/>
          <line num="31" count="4" type="stmt"/>
          <line num="32" count="4" type="stmt"/>
          <line num="33" count="4" type="stmt"/>
          <line num="34" count="4" type="stmt"/>
          <line num="35" count="4" type="stmt"/>
          <line num="39" count="4" type="stmt"/>
          <line num="40" count="4" type="stmt"/>
          <line num="41" count="4" type="stmt"/>
          <line num="42" count="4" type="stmt"/>
          <line num="43" count="4" type="stmt"/>
          <line num="47" count="4" type="stmt"/>
          <line num="48" count="4" type="stmt"/>
          <line num="49" count="4" type="stmt"/>
          <line num="50" count="4" type="stmt"/>
          <line num="51" count="4" type="stmt"/>
          <line num="54" count="4" type="stmt"/>
          <line num="55" count="4" type="stmt"/>
          <line num="56" count="4" type="stmt"/>
          <line num="57" count="4" type="stmt"/>
          <line num="58" count="4" type="stmt"/>
          <line num="61" count="4" type="stmt"/>
          <line num="62" count="4" type="stmt"/>
          <line num="63" count="4" type="stmt"/>
          <line num="64" count="4" type="stmt"/>
          <line num="66" count="4" type="stmt"/>
        </file>
      </package>
      <package name="src.config">
        <metrics statements="6" coveredstatements="6" conditionals="6" coveredconditionals="4" methods="1" coveredmethods="1"/>
        <file name="config.ts" path="C:\Users\mareksl\Documents\GitHub\ts-backend-playground\src\config\config.ts">
          <metrics statements="6" coveredstatements="6" conditionals="6" coveredconditionals="4" methods="1" coveredmethods="1"/>
          <line num="1" count="4" type="cond" truecount="1" falsecount="1"/>
          <line num="3" count="4" type="cond" truecount="3" falsecount="1"/>
          <line num="4" count="4" type="stmt"/>
          <line num="5" count="4" type="stmt"/>
          <line num="7" count="4" type="stmt"/>
          <line num="8" count="12" type="stmt"/>
        </file>
      </package>
      <package name="src.controllers">
        <metrics statements="236" coveredstatements="167" conditionals="64" coveredconditionals="43" methods="92" coveredmethods="49"/>
        <file name="contacts.controller.ts" path="C:\Users\mareksl\Documents\GitHub\ts-backend-playground\src\controllers\contacts.controller.ts">
          <metrics statements="44" coveredstatements="35" conditionals="12" coveredconditionals="10" methods="18" coveredmethods="11"/>
          <line num="1" count="4" type="stmt"/>
          <line num="3" count="4" type="stmt"/>
          <line num="4" count="4" type="stmt"/>
          <line num="7" count="4" type="stmt"/>
          <line num="8" count="3" type="stmt"/>
          <line num="18" count="3" type="stmt"/>
          <line num="20" count="2" type="stmt"/>
          <line num="21" count="1" type="stmt"/>
          <line num="24" count="4" type="stmt"/>
          <line num="25" count="1" type="stmt"/>
          <line num="26" count="1" type="stmt"/>
          <line num="28" count="0" type="stmt"/>
          <line num="32" count="4" type="stmt"/>
          <line num="33" count="3" type="stmt"/>
          <line num="35" count="3" type="cond" truecount="2" falsecount="0"/>
          <line num="36" count="1" type="stmt"/>
          <line num="39" count="2" type="stmt"/>
          <line num="41" count="2" type="cond" truecount="2" falsecount="0"/>
          <line num="42" count="1" type="stmt"/>
          <line num="44" count="1" type="stmt"/>
          <line num="46" count="0" type="stmt"/>
          <line num="49" count="4" type="stmt"/>
          <line num="50" count="3" type="stmt"/>
          <line num="52" count="3" type="cond" truecount="2" falsecount="0"/>
          <line num="53" count="1" type="stmt"/>
          <line num="56" count="2" type="stmt"/>
          <line num="58" count="2" type="cond" truecount="2" falsecount="0"/>
          <line num="59" count="1" type="stmt"/>
          <line num="61" count="1" type="stmt"/>
          <line num="63" count="0" type="stmt"/>
          <line num="66" count="4" type="stmt"/>
          <line num="67" count="1" type="stmt"/>
          <line num="68" count="1" type="stmt"/>
          <line num="78" count="1" type="cond" truecount="1" falsecount="1"/>
          <line num="79" count="0" type="stmt"/>
          <line num="82" count="1" type="stmt"/>
          <line num="92" count="1" type="cond" truecount="1" falsecount="1"/>
          <line num="93" count="0" type="stmt"/>
          <line num="95" count="1" type="stmt"/>
          <line num="97" count="0" type="stmt"/>
          <line num="100" count="4" type="stmt"/>
          <line num="101" count="0" type="stmt"/>
          <line num="102" count="0" type="stmt"/>
          <line num="104" count="0" type="stmt"/>
        </file>
        <file name="events.controller.ts" path="C:\Users\mareksl\Documents\GitHub\ts-backend-playground\src\controllers\events.controller.ts">
          <metrics statements="44" coveredstatements="35" conditionals="12" coveredconditionals="10" methods="18" coveredmethods="11"/>
          <line num="1" count="4" type="stmt"/>
          <line num="3" count="4" type="stmt"/>
          <line num="4" count="4" type="stmt"/>
          <line num="6" count="4" type="stmt"/>
          <line num="7" count="2" type="stmt"/>
          <line num="14" count="2" type="stmt"/>
          <line num="16" count="1" type="stmt"/>
          <line num="17" count="1" type="stmt"/>
          <line num="20" count="4" type="stmt"/>
          <line num="21" count="1" type="stmt"/>
          <line num="23" count="1" type="stmt"/>
          <line num="26" count="0" type="stmt"/>
          <line num="30" count="4" type="stmt"/>
          <line num="31" count="3" type="stmt"/>
          <line num="32" count="3" type="cond" truecount="2" falsecount="0"/>
          <line num="33" count="1" type="stmt"/>
          <line num="35" count="2" type="stmt"/>
          <line num="37" count="2" type="cond" truecount="2" falsecount="0"/>
          <line num="38" count="1" type="stmt"/>
          <line num="40" count="1" type="stmt"/>
          <line num="42" count="0" type="stmt"/>
          <line num="45" count="4" type="stmt"/>
          <line num="46" count="3" type="stmt"/>
          <line num="48" count="3" type="cond" truecount="2" falsecount="0"/>
          <line num="49" count="1" type="stmt"/>
          <line num="52" count="2" type="stmt"/>
          <line num="54" count="2" type="cond" truecount="2" falsecount="0"/>
          <line num="55" count="1" type="stmt"/>
          <line num="57" count="1" type="stmt"/>
          <line num="59" count="0" type="stmt"/>
          <line num="62" count="4" type="stmt"/>
          <line num="63" count="1" type="stmt"/>
          <line num="64" count="1" type="stmt"/>
          <line num="66" count="1" type="cond" truecount="1" falsecount="1"/>
          <line num="67" count="0" type="stmt"/>
          <line num="70" count="1" type="stmt"/>
          <line num="78" count="1" type="cond" truecount="1" falsecount="1"/>
          <line num="79" count="0" type="stmt"/>
          <line num="81" count="1" type="stmt"/>
          <line num="83" count="0" type="stmt"/>
          <line num="86" count="4" type="stmt"/>
          <line num="87" count="0" type="stmt"/>
          <line num="88" count="0" type="stmt"/>
          <line num="90" count="0" type="stmt"/>
        </file>
        <file name="gallery-image.controller.ts" path="C:\Users\mareksl\Documents\GitHub\ts-backend-playground\src\controllers\gallery-image.controller.ts">
          <metrics statements="61" coveredstatements="50" conditionals="18" coveredconditionals="13" methods="24" coveredmethods="16"/>
          <line num="1" count="4" type="stmt"/>
          <line num="3" count="4" type="stmt"/>
          <line num="4" count="4" type="stmt"/>
          <line num="6" count="4" type="stmt"/>
          <line num="7" count="4" type="stmt"/>
          <line num="9" count="4" type="stmt"/>
          <line num="18" count="4" type="stmt"/>
          <line num="20" count="4" type="stmt"/>
          <line num="21" count="1" type="stmt"/>
          <line num="22" count="1" type="stmt"/>
          <line num="23" count="1" type="stmt"/>
          <line num="25" count="1" type="stmt"/>
          <line num="28" count="1" type="cond" truecount="1" falsecount="1"/>
          <line num="29" count="0" type="stmt"/>
          <line num="31" count="1" type="stmt"/>
          <line num="34" count="1" type="stmt"/>
          <line num="37" count="1" type="stmt"/>
          <line num="38" count="1" type="cond" truecount="1" falsecount="1"/>
          <line num="39" count="1" type="stmt"/>
          <line num="43" count="1" type="stmt"/>
          <line num="47" count="1" type="stmt"/>
          <line num="49" count="0" type="stmt"/>
          <line num="52" count="4" type="stmt"/>
          <line num="53" count="1" type="stmt"/>
          <line num="55" count="1" type="stmt"/>
          <line num="58" count="0" type="stmt"/>
          <line num="62" count="4" type="stmt"/>
          <line num="63" count="3" type="stmt"/>
          <line num="64" count="3" type="cond" truecount="2" falsecount="0"/>
          <line num="65" count="1" type="stmt"/>
          <line num="67" count="2" type="stmt"/>
          <line num="69" count="2" type="cond" truecount="2" falsecount="0"/>
          <line num="70" count="1" type="stmt"/>
          <line num="72" count="1" type="stmt"/>
          <line num="74" count="0" type="stmt"/>
          <line num="77" count="4" type="stmt"/>
          <line num="78" count="3" type="stmt"/>
          <line num="80" count="3" type="cond" truecount="2" falsecount="0"/>
          <line num="81" count="1" type="stmt"/>
          <line num="84" count="2" type="stmt"/>
          <line num="86" count="2" type="cond" truecount="2" falsecount="0"/>
          <line num="87" count="1" type="stmt"/>
          <line num="89" count="1" type="stmt"/>
          <line num="90" count="1" type="stmt"/>
          <line num="91" count="1" type="cond" truecount="1" falsecount="1"/>
          <line num="92" count="1" type="stmt"/>
          <line num="95" count="0" type="stmt"/>
          <line num="98" count="4" type="stmt"/>
          <line num="99" count="1" type="stmt"/>
          <line num="100" count="1" type="stmt"/>
          <line num="102" count="1" type="cond" truecount="1" falsecount="1"/>
          <line num="103" count="0" type="stmt"/>
          <line num="106" count="1" type="stmt"/>
          <line num="114" count="1" type="cond" truecount="1" falsecount="1"/>
          <line num="115" count="0" type="stmt"/>
          <line num="117" count="1" type="stmt"/>
          <line num="119" count="0" type="stmt"/>
          <line num="122" count="4" type="stmt"/>
          <line num="123" count="0" type="stmt"/>
          <line num="124" count="0" type="stmt"/>
          <line num="126" count="0" type="stmt"/>
        </file>
        <file name="members.controller.ts" path="C:\Users\mareksl\Documents\GitHub\ts-backend-playground\src\controllers\members.controller.ts">
          <metrics statements="44" coveredstatements="35" conditionals="12" coveredconditionals="10" methods="18" coveredmethods="11"/>
          <line num="1" count="4" type="stmt"/>
          <line num="3" count="4" type="stmt"/>
          <line num="4" count="4" type="stmt"/>
          <line num="6" count="4" type="stmt"/>
          <line num="7" count="2" type="stmt"/>
          <line num="16" count="2" type="stmt"/>
          <line num="18" count="1" type="stmt"/>
          <line num="19" count="1" type="stmt"/>
          <line num="22" count="4" type="stmt"/>
          <line num="23" count="1" type="stmt"/>
          <line num="24" count="1" type="stmt"/>
          <line num="26" count="0" type="stmt"/>
          <line num="30" count="4" type="stmt"/>
          <line num="31" count="3" type="stmt"/>
          <line num="33" count="3" type="cond" truecount="2" falsecount="0"/>
          <line num="34" count="1" type="stmt"/>
          <line num="37" count="2" type="stmt"/>
          <line num="39" count="2" type="cond" truecount="2" falsecount="0"/>
          <line num="40" count="1" type="stmt"/>
          <line num="42" count="1" type="stmt"/>
          <line num="44" count="0" type="stmt"/>
          <line num="47" count="4" type="stmt"/>
          <line num="48" count="3" type="stmt"/>
          <line num="50" count="3" type="cond" truecount="2" falsecount="0"/>
          <line num="51" count="1" type="stmt"/>
          <line num="54" count="2" type="stmt"/>
          <line num="56" count="2" type="cond" truecount="2" falsecount="0"/>
          <line num="57" count="1" type="stmt"/>
          <line num="59" count="1" type="stmt"/>
          <line num="61" count="0" type="stmt"/>
          <line num="64" count="4" type="stmt"/>
          <line num="65" count="1" type="stmt"/>
          <line num="66" count="1" type="stmt"/>
          <line num="75" count="1" type="cond" truecount="1" falsecount="1"/>
          <line num="76" count="0" type="stmt"/>
          <line num="79" count="1" type="stmt"/>
          <line num="85" count="1" type="cond" truecount="1" falsecount="1"/>
          <line num="86" count="0" type="stmt"/>
          <line num="88" count="1" type="stmt"/>
          <line num="90" count="0" type="stmt"/>
          <line num="93" count="4" type="stmt"/>
          <line num="94" count="0" type="stmt"/>
          <line num="95" count="0" type="stmt"/>
          <line num="97" count="0" type="stmt"/>
        </file>
        <file name="static.controller.ts" path="C:\Users\mareksl\Documents\GitHub\ts-backend-playground\src\controllers\static.controller.ts">
          <metrics statements="21" coveredstatements="6" conditionals="6" coveredconditionals="0" methods="3" coveredmethods="0"/>
          <line num="4" count="4" type="stmt"/>
          <line num="5" count="4" type="stmt"/>
          <line num="6" count="4" type="stmt"/>
          <line num="7" count="4" type="stmt"/>
          <line num="9" count="4" type="stmt"/>
          <line num="10" count="0" type="cond" truecount="0" falsecount="2"/>
          <line num="11" count="0" type="stmt"/>
          <line num="13" count="0" type="cond" truecount="0" falsecount="2"/>
          <line num="14" count="0" type="stmt"/>
          <line num="16" count="0" type="stmt"/>
          <line num="19" count="4" type="stmt"/>
          <line num="20" count="0" type="stmt"/>
          <line num="21" count="0" type="stmt"/>
          <line num="22" count="0" type="stmt"/>
          <line num="23" count="0" type="stmt"/>
          <line num="24" count="0" type="stmt"/>
          <line num="25" count="0" type="stmt"/>
          <line num="26" count="0" type="cond" truecount="0" falsecount="2"/>
          <line num="27" count="0" type="stmt"/>
          <line num="28" count="0" type="stmt"/>
          <line num="37" count="0" type="stmt"/>
        </file>
        <file name="users.controller.ts" path="C:\Users\mareksl\Documents\GitHub\ts-backend-playground\src\controllers\users.controller.ts">
          <metrics statements="22" coveredstatements="6" conditionals="4" coveredconditionals="0" methods="11" coveredmethods="0"/>
          <line num="3" count="4" type="stmt"/>
          <line num="4" count="4" type="stmt"/>
          <line num="7" count="4" type="stmt"/>
          <line num="8" count="0" type="stmt"/>
          <line num="9" count="0" type="stmt"/>
          <line num="11" count="0" type="stmt"/>
          <line num="13" count="0" type="stmt"/>
          <line num="15" count="0" type="stmt"/>
          <line num="19" count="4" type="stmt"/>
          <line num="20" count="0" type="stmt"/>
          <line num="23" count="4" type="stmt"/>
          <line num="24" count="0" type="stmt"/>
          <line num="26" count="0" type="stmt"/>
          <line num="28" count="0" type="stmt"/>
          <line num="29" count="0" type="stmt"/>
          <line num="33" count="0" type="stmt"/>
          <line num="37" count="4" type="stmt"/>
          <line num="38" count="0" type="cond" truecount="0" falsecount="4"/>
          <line num="39" count="0" type="stmt"/>
          <line num="41" count="0" type="stmt"/>
          <line num="43" count="0" type="stmt"/>
          <line num="44" count="0" type="stmt"/>
        </file>
      </package>
      <package name="src.db">
        <metrics statements="3" coveredstatements="3" conditionals="2" coveredconditionals="1" methods="0" coveredmethods="0"/>
        <file name="mongoose.ts" path="C:\Users\mareksl\Documents\GitHub\ts-backend-playground\src\db\mongoose.ts">
          <metrics statements="3" coveredstatements="3" conditionals="2" coveredconditionals="1" methods="0" coveredmethods="0"/>
          <line num="1" count="4" type="stmt"/>
          <line num="3" count="4" type="stmt"/>
          <line num="5" count="4" type="cond" truecount="1" falsecount="1"/>
        </file>
      </package>
      <package name="src.middleware">
        <metrics statements="28" coveredstatements="26" conditionals="6" coveredconditionals="5" methods="9" coveredmethods="8"/>
        <file name="authenticate.ts" path="C:\Users\mareksl\Documents\GitHub\ts-backend-playground\src\middleware\authenticate.ts">
          <metrics statements="10" coveredstatements="8" conditionals="2" coveredconditionals="1" methods="3" coveredmethods="2"/>
          <line num="1" count="4" type="stmt"/>
          <line num="9" count="4" type="stmt"/>
          <line num="14" count="25" type="stmt"/>
          <line num="16" count="25" type="stmt"/>
          <line num="18" count="25" type="cond" truecount="1" falsecount="1"/>
          <line num="19" count="0" type="stmt"/>
          <line num="21" count="25" type="stmt"/>
          <line num="22" count="25" type="stmt"/>
          <line num="23" count="25" type="stmt"/>
          <line num="26" count="0" type="stmt"/>
        </file>
        <file name="upload.ts" path="C:\Users\mareksl\Documents\GitHub\ts-backend-playground\src\middleware\upload.ts">
          <metrics statements="18" coveredstatements="18" conditionals="4" coveredconditionals="4" methods="6" coveredmethods="6"/>
          <line num="1" count="4" type="stmt"/>
          <line num="2" count="4" type="stmt"/>
          <line num="3" count="4" type="stmt"/>
          <line num="4" count="4" type="stmt"/>
          <line num="7" count="4" type="stmt"/>
          <line num="9" count="4" type="stmt"/>
          <line num="11" count="1" type="stmt"/>
          <line num="14" count="1" type="stmt"/>
          <line num="15" count="1" type="stmt"/>
          <line num="25" count="4" type="stmt"/>
          <line num="31" count="2" type="cond" truecount="2" falsecount="0"/>
          <line num="32" count="1" type="stmt"/>
          <line num="34" count="1" type="stmt"/>
          <line num="38" count="4" type="stmt"/>
          <line num="39" count="2" type="stmt"/>
          <line num="40" count="2" type="cond" truecount="2" falsecount="0"/>
          <line num="41" count="1" type="stmt"/>
          <line num="43" count="1" type="stmt"/>
        </file>
      </package>
      <package name="src.models">
        <metrics statements="71" coveredstatements="49" conditionals="16" coveredconditionals="8" methods="18" coveredmethods="10"/>
        <file name="contact.model.ts" path="C:\Users\mareksl\Documents\GitHub\ts-backend-playground\src\models\contact.model.ts">
          <metrics statements="11" coveredstatements="11" conditionals="6" coveredconditionals="6" methods="6" coveredmethods="6"/>
          <line num="1" count="4" type="stmt"/>
          <line num="2" count="4" type="stmt"/>
          <line num="24" count="4" type="stmt"/>
          <line num="34" count="26" type="stmt"/>
          <line num="49" count="26" type="stmt"/>
          <line num="61" count="25" type="cond" truecount="2" falsecount="0"/>
          <line num="69" count="12" type="stmt"/>
          <line num="73" count="25" type="cond" truecount="2" falsecount="0"/>
          <line num="85" count="25" type="cond" truecount="2" falsecount="0"/>
          <line num="90" count="4" type="stmt"/>
          <line num="91" count="4" type="stmt"/>
        </file>
        <file name="event.model.ts" path="C:\Users\mareksl\Documents\GitHub\ts-backend-playground\src\models\event.model.ts">
          <metrics statements="5" coveredstatements="5" conditionals="0" coveredconditionals="0" methods="0" coveredmethods="0"/>
          <line num="1" count="4" type="stmt"/>
          <line num="2" count="4" type="stmt"/>
          <line num="11" count="4" type="stmt"/>
          <line num="36" count="4" type="stmt"/>
          <line num="37" count="4" type="stmt"/>
        </file>
        <file name="gallery-image.model.ts" path="C:\Users\mareksl\Documents\GitHub\ts-backend-playground\src\models\gallery-image.model.ts">
          <metrics statements="4" coveredstatements="4" conditionals="0" coveredconditionals="0" methods="0" coveredmethods="0"/>
          <line num="1" count="4" type="stmt"/>
          <line num="9" count="4" type="stmt"/>
          <line num="23" count="4" type="stmt"/>
          <line num="24" count="4" type="stmt"/>
        </file>
        <file name="member.model.ts" path="C:\Users\mareksl\Documents\GitHub\ts-backend-playground\src\models\member.model.ts">
          <metrics statements="5" coveredstatements="5" conditionals="0" coveredconditionals="0" methods="0" coveredmethods="0"/>
          <line num="1" count="4" type="stmt"/>
          <line num="2" count="4" type="stmt"/>
          <line num="13" count="4" type="stmt"/>
          <line num="49" count="4" type="stmt"/>
          <line num="50" count="4" type="stmt"/>
        </file>
        <file name="user.model.ts" path="C:\Users\mareksl\Documents\GitHub\ts-backend-playground\src\models\user.model.ts">
          <metrics statements="46" coveredstatements="24" conditionals="10" coveredconditionals="2" methods="12" coveredmethods="4"/>
          <line num="1" count="4" type="stmt"/>
          <line num="2" count="4" type="stmt"/>
          <line num="4" count="4" type="stmt"/>
          <line num="5" count="4" type="stmt"/>
          <line num="8" count="4" type="stmt"/>
          <line num="33" count="4" type="stmt"/>
          <line num="78" count="4" type="stmt"/>
          <line num="79" count="0" type="stmt"/>
          <line num="80" count="0" type="stmt"/>
          <line num="82" count="0" type="stmt"/>
          <line num="92" count="0" type="stmt"/>
          <line num="98" count="0" type="stmt"/>
          <line num="99" count="0" type="stmt"/>
          <line num="103" count="4" type="stmt"/>
          <line num="104" count="0" type="stmt"/>
          <line num="106" count="0" type="stmt"/>
          <line num="113" count="4" type="stmt"/>
          <line num="114" count="25" type="stmt"/>
          <line num="117" count="25" type="stmt"/>
          <line num="119" count="25" type="cond" truecount="1" falsecount="1"/>
          <line num="124" count="0" type="stmt"/>
          <line num="127" count="25" type="stmt"/>
          <line num="134" count="4" type="stmt"/>
          <line num="138" count="0" type="stmt"/>
          <line num="140" count="0" type="stmt"/>
          <line num="141" count="0" type="cond" truecount="0" falsecount="2"/>
          <line num="142" count="0" type="stmt"/>
          <line num="144" count="0" type="stmt"/>
          <line num="145" count="0" type="stmt"/>
          <line num="146" count="0" type="cond" truecount="0" falsecount="2"/>
          <line num="147" count="0" type="stmt"/>
          <line num="149" count="0" type="stmt"/>
          <line num="156" count="4" type="stmt"/>
          <line num="157" count="0" type="stmt"/>
          <line num="158" count="0" type="stmt"/>
          <line num="160" count="0" type="stmt"/>
          <line num="163" count="4" type="stmt"/>
          <line num="164" count="82" type="stmt"/>
          <line num="166" count="82" type="cond" truecount="1" falsecount="1"/>
          <line num="167" count="82" type="stmt"/>
          <line num="168" count="82" type="stmt"/>
          <line num="169" count="82" type="stmt"/>
          <line num="170" count="82" type="stmt"/>
          <line num="174" count="0" type="stmt"/>
          <line num="178" count="4" type="stmt"/>
          <line num="179" count="4" type="stmt"/>
        </file>
      </package>
      <package name="src.util">
        <metrics statements="18" coveredstatements="11" conditionals="8" coveredconditionals="2" methods="5" coveredmethods="2"/>
        <file name="helpers.ts" path="C:\Users\mareksl\Documents\GitHub\ts-backend-playground\src\util\helpers.ts">
          <metrics statements="12" coveredstatements="5" conditionals="6" coveredconditionals="0" methods="3" coveredmethods="0"/>
          <line num="1" count="4" type="stmt"/>
          <line num="2" count="4" type="stmt"/>
          <line num="4" count="4" type="stmt"/>
          <line num="5" count="4" type="stmt"/>
          <line num="11" count="0" type="cond" truecount="0" falsecount="2"/>
          <line num="12" count="0" type="stmt"/>
          <line num="13" count="0" type="cond" truecount="0" falsecount="2"/>
          <line num="14" count="0" type="stmt"/>
          <line num="16" count="0" type="stmt"/>
          <line num="19" count="4" type="stmt"/>
          <line num="20" count="0" type="cond" truecount="0" falsecount="2"/>
          <line num="21" count="0" type="stmt"/>
        </file>
        <file name="util.ts" path="C:\Users\mareksl\Documents\GitHub\ts-backend-playground\src\util\util.ts">
          <metrics statements="6" coveredstatements="6" conditionals="2" coveredconditionals="2" methods="2" coveredmethods="2"/>
          <line num="1" count="5" type="stmt"/>
          <line num="2" count="5" type="stmt"/>
          <line num="3" count="5" type="stmt"/>
          <line num="4" count="20" type="cond" truecount="2" falsecount="0"/>
          <line num="5" count="9" type="stmt"/>
          <line num="8" count="5" type="stmt"/>
        </file>
      </package>
      <package name="tests.seed">
        <metrics statements="43" coveredstatements="43" conditionals="0" coveredconditionals="0" methods="17" coveredmethods="17"/>
        <file name="seed.ts" path="C:\Users\mareksl\Documents\GitHub\ts-backend-playground\tests\seed\seed.ts">
          <metrics statements="43" coveredstatements="43" conditionals="0" coveredconditionals="0" methods="17" coveredmethods="17"/>
          <line num="1" count="4" type="stmt"/>
          <line num="2" count="4" type="stmt"/>
          <line num="3" count="4" type="stmt"/>
          <line num="4" count="4" type="stmt"/>
          <line num="5" count="4" type="stmt"/>
          <line num="6" count="4" type="stmt"/>
          <line num="7" count="4" type="stmt"/>
          <line num="8" count="4" type="stmt"/>
          <line num="9" count="4" type="stmt"/>
          <line num="11" count="4" type="stmt"/>
          <line num="28" count="4" type="stmt"/>
          <line num="29" count="10" type="stmt"/>
          <line num="31" count="10" type="stmt"/>
          <line num="33" count="10" type="stmt"/>
          <line num="36" count="4" type="stmt"/>
          <line num="53" count="4" type="stmt"/>
          <line num="54" count="10" type="stmt"/>
          <line num="56" count="10" type="stmt"/>
          <line num="58" count="10" type="stmt"/>
          <line num="61" count="4" type="stmt"/>
          <line num="80" count="4" type="stmt"/>
          <line num="81" count="11" type="stmt"/>
          <line num="83" count="11" type="stmt"/>
          <line num="85" count="11" type="stmt"/>
          <line num="88" count="4" type="stmt"/>
          <line num="101" count="4" type="stmt"/>
          <line num="102" count="10" type="stmt"/>
          <line num="104" count="10" type="stmt"/>
          <line num="106" count="10" type="stmt"/>
          <line num="109" count="4" type="stmt"/>
          <line num="110" count="1" type="stmt"/>
          <line num="113" count="1" type="stmt"/>
          <line num="116" count="4" type="stmt"/>
          <line num="117" count="1" type="stmt"/>
          <line num="120" count="4" type="stmt"/>
          <line num="121" count="4" type="stmt"/>
          <line num="123" count="4" type="stmt"/>
          <line num="154" count="4" type="stmt"/>
          <line num="155" count="41" type="stmt"/>
          <line num="157" count="41" type="stmt"/>
          <line num="158" count="41" type="stmt"/>
          <line num="160" count="41" type="stmt"/>
          <line num="162" count="41" type="stmt"/>
        </file>
      </package>
    </metrics>
  </project>
</coverage>
