{"C:\\Users\\mareksl\\Documents\\GitHub\\ts-backend-playground\\src\\app.ts": {"path":"C:\\Users\\mareksl\\Documents\\GitHub\\ts-backend-playground\\src\\app.ts","statementMap":{"0":{"start":{"line":1,"column":0},"end":{"line":1,"column":29}},"1":{"start":{"line":2,"column":0},"end":{"line":2,"column":23}},"2":{"start":{"line":3,"column":0},"end":{"line":3,"column":36}},"3":{"start":{"line":5,"column":0},"end":{"line":5,"column":25}},"4":{"start":{"line":6,"column":0},"end":{"line":6,"column":23}},"5":{"start":{"line":7,"column":0},"end":{"line":7,"column":24}},"6":{"start":{"line":9,"column":0},"end":{"line":9,"column":45}},"7":{"start":{"line":11,"column":0},"end":{"line":11,"column":67}},"8":{"start":{"line":12,"column":0},"end":{"line":12,"column":69}},"9":{"start":{"line":13,"column":0},"end":{"line":13,"column":71}},"10":{"start":{"line":14,"column":0},"end":{"line":14,"column":67}},"11":{"start":{"line":15,"column":0},"end":{"line":15,"column":80}},"12":{"start":{"line":16,"column":0},"end":{"line":16,"column":65}},"13":{"start":{"line":18,"column":0},"end":{"line":18,"column":56}},"14":{"start":{"line":20,"column":12},"end":{"line":20,"column":21}},"15":{"start":{"line":22,"column":24},"end":{"line":22,"column":60}},"16":{"start":{"line":24,"column":0},"end":{"line":24,"column":27}},"17":{"start":{"line":25,"column":0},"end":{"line":25,"column":41}},"18":{"start":{"line":27,"column":0},"end":{"line":27,"column":39}},"19":{"start":{"line":31,"column":0},"end":{"line":31,"column":41}},"20":{"start":{"line":32,"column":0},"end":{"line":32,"column":49}},"21":{"start":{"line":33,"column":0},"end":{"line":33,"column":57}},"22":{"start":{"line":34,"column":0},"end":{"line":34,"column":69}},"23":{"start":{"line":35,"column":0},"end":{"line":35,"column":63}},"24":{"start":{"line":39,"column":0},"end":{"line":39,"column":43}},"25":{"start":{"line":40,"column":0},"end":{"line":40,"column":51}},"26":{"start":{"line":41,"column":0},"end":{"line":41,"column":59}},"27":{"start":{"line":42,"column":0},"end":{"line":42,"column":71}},"28":{"start":{"line":43,"column":0},"end":{"line":43,"column":65}},"29":{"start":{"line":47,"column":0},"end":{"line":47,"column":45}},"30":{"start":{"line":48,"column":0},"end":{"line":48,"column":53}},"31":{"start":{"line":49,"column":0},"end":{"line":49,"column":61}},"32":{"start":{"line":50,"column":0},"end":{"line":50,"column":73}},"33":{"start":{"line":51,"column":0},"end":{"line":51,"column":67}},"34":{"start":{"line":54,"column":0},"end":{"line":54,"column":48}},"35":{"start":{"line":55,"column":0},"end":{"line":55,"column":56}},"36":{"start":{"line":56,"column":0},"end":{"line":56,"column":78}},"37":{"start":{"line":57,"column":0},"end":{"line":57,"column":76}},"38":{"start":{"line":58,"column":0},"end":{"line":58,"column":70}},"39":{"start":{"line":61,"column":0},"end":{"line":61,"column":41}},"40":{"start":{"line":62,"column":0},"end":{"line":62,"column":56}},"41":{"start":{"line":63,"column":0},"end":{"line":63,"column":48}},"42":{"start":{"line":64,"column":0},"end":{"line":64,"column":62}},"43":{"start":{"line":66,"column":0},"end":{"line":66,"column":19}}},"fnMap":{},"branchMap":{},"s":{"0":4,"1":4,"2":4,"3":4,"4":4,"5":4,"6":4,"7":4,"8":4,"9":4,"10":4,"11":4,"12":4,"13":4,"14":4,"15":4,"16":4,"17":4,"18":4,"19":4,"20":4,"21":4,"22":4,"23":4,"24":4,"25":4,"26":4,"27":4,"28":4,"29":4,"30":4,"31":4,"32":4,"33":4,"34":4,"35":4,"36":4,"37":4,"38":4,"39":4,"40":4,"41":4,"42":4,"43":4},"f":{},"b":{}}
,"C:\\Users\\mareksl\\Documents\\GitHub\\ts-backend-playground\\src\\config\\config.ts": {"path":"C:\\Users\\mareksl\\Documents\\GitHub\\ts-backend-playground\\src\\config\\config.ts","statementMap":{"0":{"start":{"line":1,"column":13},"end":{"line":1,"column":57}},"1":{"start":{"line":3,"column":0},"end":{"line":10,"column":1}},"2":{"start":{"line":4,"column":17},"end":{"line":4,"column":52}},"3":{"start":{"line":5,"column":20},"end":{"line":5,"column":31}},"4":{"start":{"line":7,"column":2},"end":{"line":9,"column":5}},"5":{"start":{"line":8,"column":4},"end":{"line":8,"column":38}}},"fnMap":{"0":{"name":"(anonymous_0)","decl":{"start":{"line":7,"column":33},"end":{"line":7,"column":35}},"loc":{"start":{"line":7,"column":39},"end":{"line":9,"column":3}}}},"branchMap":{"0":{"loc":{"start":{"line":1,"column":19},"end":{"line":1,"column":39}},"type":"binary-expr","locations":[{"start":{"line":1,"column":19},"end":{"line":1,"column":39}},{"start":{"line":1,"column":43},"end":{"line":1,"column":56}}]},"1":{"loc":{"start":{"line":3,"column":0},"end":{"line":10,"column":1}},"type":"if","locations":[{"start":{"line":3,"column":0},"end":{"line":10,"column":1}},{"start":{"line":3,"column":0},"end":{"line":10,"column":1}}]},"2":{"loc":{"start":{"line":3,"column":4},"end":{"line":3,"column":25}},"type":"binary-expr","locations":[{"start":{"line":3,"column":4},"end":{"line":3,"column":25}},{"start":{"line":3,"column":29},"end":{"line":3,"column":43}}]}},"s":{"0":4,"1":4,"2":4,"3":4,"4":4,"5":12},"f":{"0":12},"b":{"0":[4,0],"1":[4,0],"2":[4,4]}}
,"C:\\Users\\mareksl\\Documents\\GitHub\\ts-backend-playground\\src\\controllers\\contacts.controller.ts": {"path":"C:\\Users\\mareksl\\Documents\\GitHub\\ts-backend-playground\\src\\controllers\\contacts.controller.ts","statementMap":{"0":{"start":{"line":1,"column":0},"end":{"line":1,"column":34}},"1":{"start":{"line":3,"column":0},"end":{"line":3,"column":45}},"2":{"start":{"line":4,"column":0},"end":{"line":4,"column":35}},"3":{"start":{"line":7,"column":13},"end":{"line":22,"column":2}},"4":{"start":{"line":8,"column":18},"end":{"line":16,"column":4}},"5":{"start":{"line":18,"column":2},"end":{"line":21,"column":41}},"6":{"start":{"line":20,"column":21},"end":{"line":20,"column":42}},"7":{"start":{"line":21,"column":16},"end":{"line":21,"column":39}},"8":{"start":{"line":24,"column":13},"end":{"line":30,"column":2}},"9":{"start":{"line":25,"column":2},"end":{"line":29,"column":7}},"10":{"start":{"line":26,"column":22},"end":{"line":26,"column":44}},"11":{"start":{"line":28,"column":6},"end":{"line":28,"column":30}},"12":{"start":{"line":32,"column":13},"end":{"line":47,"column":2}},"13":{"start":{"line":33,"column":13},"end":{"line":33,"column":26}},"14":{"start":{"line":35,"column":2},"end":{"line":37,"column":3}},"15":{"start":{"line":36,"column":4},"end":{"line":36,"column":34}},"16":{"start":{"line":39,"column":2},"end":{"line":46,"column":40}},"17":{"start":{"line":41,"column":6},"end":{"line":43,"column":7}},"18":{"start":{"line":42,"column":8},"end":{"line":42,"column":38}},"19":{"start":{"line":44,"column":6},"end":{"line":44,"column":28}},"20":{"start":{"line":46,"column":16},"end":{"line":46,"column":38}},"21":{"start":{"line":49,"column":13},"end":{"line":64,"column":2}},"22":{"start":{"line":50,"column":13},"end":{"line":50,"column":26}},"23":{"start":{"line":52,"column":2},"end":{"line":54,"column":3}},"24":{"start":{"line":53,"column":4},"end":{"line":53,"column":34}},"25":{"start":{"line":56,"column":2},"end":{"line":63,"column":40}},"26":{"start":{"line":58,"column":6},"end":{"line":60,"column":7}},"27":{"start":{"line":59,"column":8},"end":{"line":59,"column":38}},"28":{"start":{"line":61,"column":6},"end":{"line":61,"column":28}},"29":{"start":{"line":63,"column":16},"end":{"line":63,"column":38}},"30":{"start":{"line":66,"column":13},"end":{"line":98,"column":2}},"31":{"start":{"line":67,"column":13},"end":{"line":67,"column":26}},"32":{"start":{"line":68,"column":15},"end":{"line":76,"column":4}},"33":{"start":{"line":78,"column":2},"end":{"line":80,"column":3}},"34":{"start":{"line":79,"column":4},"end":{"line":79,"column":34}},"35":{"start":{"line":82,"column":2},"end":{"line":97,"column":41}},"36":{"start":{"line":92,"column":6},"end":{"line":94,"column":7}},"37":{"start":{"line":93,"column":8},"end":{"line":93,"column":38}},"38":{"start":{"line":95,"column":6},"end":{"line":95,"column":28}},"39":{"start":{"line":97,"column":16},"end":{"line":97,"column":39}},"40":{"start":{"line":100,"column":13},"end":{"line":106,"column":2}},"41":{"start":{"line":101,"column":2},"end":{"line":105,"column":7}},"42":{"start":{"line":102,"column":22},"end":{"line":102,"column":30}},"43":{"start":{"line":104,"column":6},"end":{"line":104,"column":21}}},"fnMap":{"0":{"name":"(anonymous_1)","decl":{"start":{"line":7,"column":20},"end":{"line":7,"column":21}},"loc":{"start":{"line":7,"column":52},"end":{"line":22,"column":1}}},"1":{"name":"(anonymous_2)","decl":{"start":{"line":20,"column":10},"end":{"line":20,"column":16}},"loc":{"start":{"line":20,"column":21},"end":{"line":20,"column":42}}},"2":{"name":"(anonymous_3)","decl":{"start":{"line":21,"column":11},"end":{"line":21,"column":12}},"loc":{"start":{"line":21,"column":16},"end":{"line":21,"column":39}}},"3":{"name":"(anonymous_4)","decl":{"start":{"line":24,"column":19},"end":{"line":24,"column":20}},"loc":{"start":{"line":24,"column":51},"end":{"line":30,"column":1}}},"4":{"name":"(anonymous_5)","decl":{"start":{"line":26,"column":10},"end":{"line":26,"column":17}},"loc":{"start":{"line":26,"column":22},"end":{"line":26,"column":44}}},"5":{"name":"(anonymous_6)","decl":{"start":{"line":27,"column":11},"end":{"line":27,"column":12}},"loc":{"start":{"line":27,"column":15},"end":{"line":29,"column":5}}},"6":{"name":"(anonymous_7)","decl":{"start":{"line":32,"column":23},"end":{"line":32,"column":24}},"loc":{"start":{"line":32,"column":55},"end":{"line":47,"column":1}}},"7":{"name":"(anonymous_8)","decl":{"start":{"line":40,"column":10},"end":{"line":40,"column":16}},"loc":{"start":{"line":40,"column":20},"end":{"line":45,"column":5}}},"8":{"name":"(anonymous_9)","decl":{"start":{"line":46,"column":11},"end":{"line":46,"column":12}},"loc":{"start":{"line":46,"column":16},"end":{"line":46,"column":38}}},"9":{"name":"(anonymous_10)","decl":{"start":{"line":49,"column":26},"end":{"line":49,"column":27}},"loc":{"start":{"line":49,"column":58},"end":{"line":64,"column":1}}},"10":{"name":"(anonymous_11)","decl":{"start":{"line":57,"column":10},"end":{"line":57,"column":16}},"loc":{"start":{"line":57,"column":20},"end":{"line":62,"column":5}}},"11":{"name":"(anonymous_12)","decl":{"start":{"line":63,"column":11},"end":{"line":63,"column":12}},"loc":{"start":{"line":63,"column":16},"end":{"line":63,"column":38}}},"12":{"name":"(anonymous_13)","decl":{"start":{"line":66,"column":21},"end":{"line":66,"column":22}},"loc":{"start":{"line":66,"column":53},"end":{"line":98,"column":1}}},"13":{"name":"(anonymous_14)","decl":{"start":{"line":91,"column":10},"end":{"line":91,"column":16}},"loc":{"start":{"line":91,"column":20},"end":{"line":96,"column":5}}},"14":{"name":"(anonymous_15)","decl":{"start":{"line":97,"column":11},"end":{"line":97,"column":12}},"loc":{"start":{"line":97,"column":16},"end":{"line":97,"column":39}}},"15":{"name":"(anonymous_16)","decl":{"start":{"line":100,"column":24},"end":{"line":100,"column":26}},"loc":{"start":{"line":100,"column":29},"end":{"line":106,"column":1}}},"16":{"name":"(anonymous_17)","decl":{"start":{"line":102,"column":10},"end":{"line":102,"column":17}},"loc":{"start":{"line":102,"column":22},"end":{"line":102,"column":30}}},"17":{"name":"(anonymous_18)","decl":{"start":{"line":103,"column":11},"end":{"line":103,"column":12}},"loc":{"start":{"line":103,"column":15},"end":{"line":105,"column":5}}}},"branchMap":{"0":{"loc":{"start":{"line":35,"column":2},"end":{"line":37,"column":3}},"type":"if","locations":[{"start":{"line":35,"column":2},"end":{"line":37,"column":3}},{"start":{"line":35,"column":2},"end":{"line":37,"column":3}}]},"1":{"loc":{"start":{"line":41,"column":6},"end":{"line":43,"column":7}},"type":"if","locations":[{"start":{"line":41,"column":6},"end":{"line":43,"column":7}},{"start":{"line":41,"column":6},"end":{"line":43,"column":7}}]},"2":{"loc":{"start":{"line":52,"column":2},"end":{"line":54,"column":3}},"type":"if","locations":[{"start":{"line":52,"column":2},"end":{"line":54,"column":3}},{"start":{"line":52,"column":2},"end":{"line":54,"column":3}}]},"3":{"loc":{"start":{"line":58,"column":6},"end":{"line":60,"column":7}},"type":"if","locations":[{"start":{"line":58,"column":6},"end":{"line":60,"column":7}},{"start":{"line":58,"column":6},"end":{"line":60,"column":7}}]},"4":{"loc":{"start":{"line":78,"column":2},"end":{"line":80,"column":3}},"type":"if","locations":[{"start":{"line":78,"column":2},"end":{"line":80,"column":3}},{"start":{"line":78,"column":2},"end":{"line":80,"column":3}}]},"5":{"loc":{"start":{"line":92,"column":6},"end":{"line":94,"column":7}},"type":"if","locations":[{"start":{"line":92,"column":6},"end":{"line":94,"column":7}},{"start":{"line":92,"column":6},"end":{"line":94,"column":7}}]}},"s":{"0":4,"1":4,"2":4,"3":4,"4":3,"5":3,"6":2,"7":1,"8":4,"9":1,"10":1,"11":0,"12":4,"13":3,"14":3,"15":1,"16":2,"17":2,"18":1,"19":1,"20":0,"21":4,"22":3,"23":3,"24":1,"25":2,"26":2,"27":1,"28":1,"29":0,"30":4,"31":1,"32":1,"33":1,"34":0,"35":1,"36":1,"37":0,"38":1,"39":0,"40":4,"41":0,"42":0,"43":0},"f":{"0":3,"1":2,"2":1,"3":1,"4":1,"5":0,"6":3,"7":2,"8":0,"9":3,"10":2,"11":0,"12":1,"13":1,"14":0,"15":0,"16":0,"17":0},"b":{"0":[1,2],"1":[1,1],"2":[1,2],"3":[1,1],"4":[0,1],"5":[0,1]}}
,"C:\\Users\\mareksl\\Documents\\GitHub\\ts-backend-playground\\src\\controllers\\events.controller.ts": {"path":"C:\\Users\\mareksl\\Documents\\GitHub\\ts-backend-playground\\src\\controllers\\events.controller.ts","statementMap":{"0":{"start":{"line":1,"column":0},"end":{"line":1,"column":34}},"1":{"start":{"line":3,"column":0},"end":{"line":3,"column":41}},"2":{"start":{"line":4,"column":0},"end":{"line":4,"column":35}},"3":{"start":{"line":6,"column":13},"end":{"line":18,"column":2}},"4":{"start":{"line":7,"column":16},"end":{"line":12,"column":4}},"5":{"start":{"line":14,"column":2},"end":{"line":17,"column":41}},"6":{"start":{"line":16,"column":19},"end":{"line":16,"column":38}},"7":{"start":{"line":17,"column":16},"end":{"line":17,"column":39}},"8":{"start":{"line":20,"column":13},"end":{"line":28,"column":2}},"9":{"start":{"line":21,"column":2},"end":{"line":27,"column":7}},"10":{"start":{"line":23,"column":6},"end":{"line":23,"column":27}},"11":{"start":{"line":26,"column":6},"end":{"line":26,"column":30}},"12":{"start":{"line":30,"column":13},"end":{"line":43,"column":2}},"13":{"start":{"line":31,"column":13},"end":{"line":31,"column":26}},"14":{"start":{"line":32,"column":2},"end":{"line":34,"column":3}},"15":{"start":{"line":33,"column":4},"end":{"line":33,"column":34}},"16":{"start":{"line":35,"column":2},"end":{"line":42,"column":41}},"17":{"start":{"line":37,"column":6},"end":{"line":39,"column":7}},"18":{"start":{"line":38,"column":8},"end":{"line":38,"column":38}},"19":{"start":{"line":40,"column":6},"end":{"line":40,"column":26}},"20":{"start":{"line":42,"column":16},"end":{"line":42,"column":39}},"21":{"start":{"line":45,"column":13},"end":{"line":60,"column":2}},"22":{"start":{"line":46,"column":13},"end":{"line":46,"column":26}},"23":{"start":{"line":48,"column":2},"end":{"line":50,"column":3}},"24":{"start":{"line":49,"column":4},"end":{"line":49,"column":34}},"25":{"start":{"line":52,"column":2},"end":{"line":59,"column":41}},"26":{"start":{"line":54,"column":6},"end":{"line":56,"column":7}},"27":{"start":{"line":55,"column":8},"end":{"line":55,"column":38}},"28":{"start":{"line":57,"column":6},"end":{"line":57,"column":26}},"29":{"start":{"line":59,"column":16},"end":{"line":59,"column":39}},"30":{"start":{"line":62,"column":13},"end":{"line":84,"column":2}},"31":{"start":{"line":63,"column":13},"end":{"line":63,"column":26}},"32":{"start":{"line":64,"column":15},"end":{"line":64,"column":74}},"33":{"start":{"line":66,"column":2},"end":{"line":68,"column":3}},"34":{"start":{"line":67,"column":4},"end":{"line":67,"column":34}},"35":{"start":{"line":70,"column":2},"end":{"line":83,"column":41}},"36":{"start":{"line":78,"column":6},"end":{"line":80,"column":7}},"37":{"start":{"line":79,"column":8},"end":{"line":79,"column":31}},"38":{"start":{"line":81,"column":6},"end":{"line":81,"column":26}},"39":{"start":{"line":83,"column":16},"end":{"line":83,"column":39}},"40":{"start":{"line":86,"column":13},"end":{"line":92,"column":2}},"41":{"start":{"line":87,"column":2},"end":{"line":91,"column":7}},"42":{"start":{"line":88,"column":20},"end":{"line":88,"column":26}},"43":{"start":{"line":90,"column":6},"end":{"line":90,"column":21}}},"fnMap":{"0":{"name":"(anonymous_1)","decl":{"start":{"line":6,"column":20},"end":{"line":6,"column":21}},"loc":{"start":{"line":6,"column":52},"end":{"line":18,"column":1}}},"1":{"name":"(anonymous_2)","decl":{"start":{"line":16,"column":10},"end":{"line":16,"column":14}},"loc":{"start":{"line":16,"column":19},"end":{"line":16,"column":38}}},"2":{"name":"(anonymous_3)","decl":{"start":{"line":17,"column":11},"end":{"line":17,"column":12}},"loc":{"start":{"line":17,"column":16},"end":{"line":17,"column":39}}},"3":{"name":"(anonymous_4)","decl":{"start":{"line":20,"column":19},"end":{"line":20,"column":20}},"loc":{"start":{"line":20,"column":51},"end":{"line":28,"column":1}}},"4":{"name":"(anonymous_5)","decl":{"start":{"line":22,"column":10},"end":{"line":22,"column":15}},"loc":{"start":{"line":22,"column":19},"end":{"line":24,"column":5}}},"5":{"name":"(anonymous_6)","decl":{"start":{"line":25,"column":11},"end":{"line":25,"column":12}},"loc":{"start":{"line":25,"column":15},"end":{"line":27,"column":5}}},"6":{"name":"(anonymous_7)","decl":{"start":{"line":30,"column":23},"end":{"line":30,"column":24}},"loc":{"start":{"line":30,"column":55},"end":{"line":43,"column":1}}},"7":{"name":"(anonymous_8)","decl":{"start":{"line":36,"column":10},"end":{"line":36,"column":14}},"loc":{"start":{"line":36,"column":18},"end":{"line":41,"column":5}}},"8":{"name":"(anonymous_9)","decl":{"start":{"line":42,"column":11},"end":{"line":42,"column":12}},"loc":{"start":{"line":42,"column":16},"end":{"line":42,"column":39}}},"9":{"name":"(anonymous_10)","decl":{"start":{"line":45,"column":26},"end":{"line":45,"column":27}},"loc":{"start":{"line":45,"column":58},"end":{"line":60,"column":1}}},"10":{"name":"(anonymous_11)","decl":{"start":{"line":53,"column":10},"end":{"line":53,"column":14}},"loc":{"start":{"line":53,"column":18},"end":{"line":58,"column":5}}},"11":{"name":"(anonymous_12)","decl":{"start":{"line":59,"column":11},"end":{"line":59,"column":12}},"loc":{"start":{"line":59,"column":16},"end":{"line":59,"column":39}}},"12":{"name":"(anonymous_13)","decl":{"start":{"line":62,"column":21},"end":{"line":62,"column":22}},"loc":{"start":{"line":62,"column":53},"end":{"line":84,"column":1}}},"13":{"name":"(anonymous_14)","decl":{"start":{"line":77,"column":10},"end":{"line":77,"column":14}},"loc":{"start":{"line":77,"column":18},"end":{"line":82,"column":5}}},"14":{"name":"(anonymous_15)","decl":{"start":{"line":83,"column":11},"end":{"line":83,"column":12}},"loc":{"start":{"line":83,"column":16},"end":{"line":83,"column":39}}},"15":{"name":"(anonymous_16)","decl":{"start":{"line":86,"column":24},"end":{"line":86,"column":26}},"loc":{"start":{"line":86,"column":29},"end":{"line":92,"column":1}}},"16":{"name":"(anonymous_17)","decl":{"start":{"line":88,"column":10},"end":{"line":88,"column":15}},"loc":{"start":{"line":88,"column":20},"end":{"line":88,"column":26}}},"17":{"name":"(anonymous_18)","decl":{"start":{"line":89,"column":11},"end":{"line":89,"column":12}},"loc":{"start":{"line":89,"column":15},"end":{"line":91,"column":5}}}},"branchMap":{"0":{"loc":{"start":{"line":32,"column":2},"end":{"line":34,"column":3}},"type":"if","locations":[{"start":{"line":32,"column":2},"end":{"line":34,"column":3}},{"start":{"line":32,"column":2},"end":{"line":34,"column":3}}]},"1":{"loc":{"start":{"line":37,"column":6},"end":{"line":39,"column":7}},"type":"if","locations":[{"start":{"line":37,"column":6},"end":{"line":39,"column":7}},{"start":{"line":37,"column":6},"end":{"line":39,"column":7}}]},"2":{"loc":{"start":{"line":48,"column":2},"end":{"line":50,"column":3}},"type":"if","locations":[{"start":{"line":48,"column":2},"end":{"line":50,"column":3}},{"start":{"line":48,"column":2},"end":{"line":50,"column":3}}]},"3":{"loc":{"start":{"line":54,"column":6},"end":{"line":56,"column":7}},"type":"if","locations":[{"start":{"line":54,"column":6},"end":{"line":56,"column":7}},{"start":{"line":54,"column":6},"end":{"line":56,"column":7}}]},"4":{"loc":{"start":{"line":66,"column":2},"end":{"line":68,"column":3}},"type":"if","locations":[{"start":{"line":66,"column":2},"end":{"line":68,"column":3}},{"start":{"line":66,"column":2},"end":{"line":68,"column":3}}]},"5":{"loc":{"start":{"line":78,"column":6},"end":{"line":80,"column":7}},"type":"if","locations":[{"start":{"line":78,"column":6},"end":{"line":80,"column":7}},{"start":{"line":78,"column":6},"end":{"line":80,"column":7}}]}},"s":{"0":4,"1":4,"2":4,"3":4,"4":2,"5":2,"6":1,"7":1,"8":4,"9":1,"10":1,"11":0,"12":4,"13":3,"14":3,"15":1,"16":2,"17":2,"18":1,"19":1,"20":0,"21":4,"22":3,"23":3,"24":1,"25":2,"26":2,"27":1,"28":1,"29":0,"30":4,"31":1,"32":1,"33":1,"34":0,"35":1,"36":1,"37":0,"38":1,"39":0,"40":4,"41":0,"42":0,"43":0},"f":{"0":2,"1":1,"2":1,"3":1,"4":1,"5":0,"6":3,"7":2,"8":0,"9":3,"10":2,"11":0,"12":1,"13":1,"14":0,"15":0,"16":0,"17":0},"b":{"0":[1,2],"1":[1,1],"2":[1,2],"3":[1,1],"4":[0,1],"5":[0,1]}}
,"C:\\Users\\mareksl\\Documents\\GitHub\\ts-backend-playground\\src\\controllers\\gallery-image.controller.ts": {"path":"C:\\Users\\mareksl\\Documents\\GitHub\\ts-backend-playground\\src\\controllers\\gallery-image.controller.ts","statementMap":{"0":{"start":{"line":1,"column":0},"end":{"line":1,"column":34}},"1":{"start":{"line":3,"column":0},"end":{"line":3,"column":23}},"2":{"start":{"line":4,"column":0},"end":{"line":4,"column":19}},"3":{"start":{"line":6,"column":0},"end":{"line":6,"column":75}},"4":{"start":{"line":7,"column":0},"end":{"line":7,"column":35}},"5":{"start":{"line":9,"column":25},"end":{"line":16,"column":1}},"6":{"start":{"line":18,"column":0},"end":{"line":18,"column":23}},"7":{"start":{"line":20,"column":13},"end":{"line":50,"column":2}},"8":{"start":{"line":21,"column":19},"end":{"line":21,"column":36}},"9":{"start":{"line":22,"column":19},"end":{"line":22,"column":32}},"10":{"start":{"line":23,"column":22},"end":{"line":23,"column":59}},"11":{"start":{"line":25,"column":2},"end":{"line":49,"column":45}},"12":{"start":{"line":28,"column":6},"end":{"line":30,"column":7}},"13":{"start":{"line":29,"column":8},"end":{"line":29,"column":45}},"14":{"start":{"line":31,"column":6},"end":{"line":31,"column":19}},"15":{"start":{"line":34,"column":6},"end":{"line":34,"column":50}},"16":{"start":{"line":37,"column":6},"end":{"line":40,"column":9}},"17":{"start":{"line":38,"column":8},"end":{"line":38,"column":27}},"18":{"start":{"line":38,"column":17},"end":{"line":38,"column":27}},"19":{"start":{"line":39,"column":8},"end":{"line":39,"column":15}},"20":{"start":{"line":43,"column":27},"end":{"line":46,"column":8}},"21":{"start":{"line":47,"column":6},"end":{"line":47,"column":61}},"22":{"start":{"line":47,"column":40},"end":{"line":47,"column":59}},"23":{"start":{"line":49,"column":18},"end":{"line":49,"column":43}},"24":{"start":{"line":52,"column":13},"end":{"line":60,"column":2}},"25":{"start":{"line":53,"column":2},"end":{"line":59,"column":7}},"26":{"start":{"line":55,"column":6},"end":{"line":55,"column":27}},"27":{"start":{"line":58,"column":6},"end":{"line":58,"column":30}},"28":{"start":{"line":62,"column":13},"end":{"line":75,"column":2}},"29":{"start":{"line":63,"column":13},"end":{"line":63,"column":26}},"30":{"start":{"line":64,"column":2},"end":{"line":66,"column":3}},"31":{"start":{"line":65,"column":4},"end":{"line":65,"column":34}},"32":{"start":{"line":67,"column":2},"end":{"line":74,"column":41}},"33":{"start":{"line":69,"column":6},"end":{"line":71,"column":7}},"34":{"start":{"line":70,"column":8},"end":{"line":70,"column":38}},"35":{"start":{"line":72,"column":6},"end":{"line":72,"column":26}},"36":{"start":{"line":74,"column":16},"end":{"line":74,"column":39}},"37":{"start":{"line":77,"column":13},"end":{"line":96,"column":2}},"38":{"start":{"line":78,"column":13},"end":{"line":78,"column":26}},"39":{"start":{"line":80,"column":2},"end":{"line":82,"column":3}},"40":{"start":{"line":81,"column":4},"end":{"line":81,"column":34}},"41":{"start":{"line":84,"column":2},"end":{"line":95,"column":41}},"42":{"start":{"line":86,"column":6},"end":{"line":88,"column":7}},"43":{"start":{"line":87,"column":8},"end":{"line":87,"column":38}},"44":{"start":{"line":89,"column":23},"end":{"line":89,"column":66}},"45":{"start":{"line":90,"column":6},"end":{"line":93,"column":9}},"46":{"start":{"line":91,"column":8},"end":{"line":91,"column":50}},"47":{"start":{"line":91,"column":17},"end":{"line":91,"column":50}},"48":{"start":{"line":92,"column":8},"end":{"line":92,"column":28}},"49":{"start":{"line":95,"column":16},"end":{"line":95,"column":39}},"50":{"start":{"line":98,"column":13},"end":{"line":120,"column":2}},"51":{"start":{"line":99,"column":13},"end":{"line":99,"column":26}},"52":{"start":{"line":100,"column":15},"end":{"line":100,"column":40}},"53":{"start":{"line":102,"column":2},"end":{"line":104,"column":3}},"54":{"start":{"line":103,"column":4},"end":{"line":103,"column":34}},"55":{"start":{"line":106,"column":2},"end":{"line":119,"column":41}},"56":{"start":{"line":114,"column":6},"end":{"line":116,"column":7}},"57":{"start":{"line":115,"column":8},"end":{"line":115,"column":31}},"58":{"start":{"line":117,"column":6},"end":{"line":117,"column":26}},"59":{"start":{"line":119,"column":16},"end":{"line":119,"column":39}},"60":{"start":{"line":122,"column":13},"end":{"line":128,"column":2}},"61":{"start":{"line":123,"column":2},"end":{"line":127,"column":7}},"62":{"start":{"line":124,"column":20},"end":{"line":124,"column":26}},"63":{"start":{"line":126,"column":6},"end":{"line":126,"column":21}}},"fnMap":{"0":{"name":"(anonymous_1)","decl":{"start":{"line":20,"column":20},"end":{"line":20,"column":21}},"loc":{"start":{"line":20,"column":52},"end":{"line":50,"column":1}}},"1":{"name":"(anonymous_2)","decl":{"start":{"line":27,"column":10},"end":{"line":27,"column":14}},"loc":{"start":{"line":27,"column":18},"end":{"line":32,"column":5}}},"2":{"name":"(anonymous_3)","decl":{"start":{"line":33,"column":10},"end":{"line":33,"column":14}},"loc":{"start":{"line":33,"column":18},"end":{"line":35,"column":5}}},"3":{"name":"(anonymous_4)","decl":{"start":{"line":36,"column":10},"end":{"line":36,"column":12}},"loc":{"start":{"line":36,"column":15},"end":{"line":41,"column":5}}},"4":{"name":"(anonymous_5)","decl":{"start":{"line":37,"column":26},"end":{"line":37,"column":28}},"loc":{"start":{"line":37,"column":32},"end":{"line":40,"column":7}}},"5":{"name":"(anonymous_6)","decl":{"start":{"line":42,"column":10},"end":{"line":42,"column":12}},"loc":{"start":{"line":42,"column":15},"end":{"line":48,"column":5}}},"6":{"name":"(anonymous_7)","decl":{"start":{"line":47,"column":31},"end":{"line":47,"column":35}},"loc":{"start":{"line":47,"column":40},"end":{"line":47,"column":59}}},"7":{"name":"(anonymous_8)","decl":{"start":{"line":49,"column":11},"end":{"line":49,"column":13}},"loc":{"start":{"line":49,"column":18},"end":{"line":49,"column":43}}},"8":{"name":"(anonymous_9)","decl":{"start":{"line":52,"column":19},"end":{"line":52,"column":20}},"loc":{"start":{"line":52,"column":51},"end":{"line":60,"column":1}}},"9":{"name":"(anonymous_10)","decl":{"start":{"line":54,"column":10},"end":{"line":54,"column":15}},"loc":{"start":{"line":54,"column":19},"end":{"line":56,"column":5}}},"10":{"name":"(anonymous_11)","decl":{"start":{"line":57,"column":11},"end":{"line":57,"column":12}},"loc":{"start":{"line":57,"column":15},"end":{"line":59,"column":5}}},"11":{"name":"(anonymous_12)","decl":{"start":{"line":62,"column":23},"end":{"line":62,"column":24}},"loc":{"start":{"line":62,"column":55},"end":{"line":75,"column":1}}},"12":{"name":"(anonymous_13)","decl":{"start":{"line":68,"column":10},"end":{"line":68,"column":14}},"loc":{"start":{"line":68,"column":18},"end":{"line":73,"column":5}}},"13":{"name":"(anonymous_14)","decl":{"start":{"line":74,"column":11},"end":{"line":74,"column":12}},"loc":{"start":{"line":74,"column":16},"end":{"line":74,"column":39}}},"14":{"name":"(anonymous_15)","decl":{"start":{"line":77,"column":26},"end":{"line":77,"column":27}},"loc":{"start":{"line":77,"column":58},"end":{"line":96,"column":1}}},"15":{"name":"(anonymous_16)","decl":{"start":{"line":85,"column":10},"end":{"line":85,"column":14}},"loc":{"start":{"line":85,"column":18},"end":{"line":94,"column":5}}},"16":{"name":"(anonymous_17)","decl":{"start":{"line":90,"column":33},"end":{"line":90,"column":35}},"loc":{"start":{"line":90,"column":39},"end":{"line":93,"column":7}}},"17":{"name":"(anonymous_18)","decl":{"start":{"line":95,"column":11},"end":{"line":95,"column":12}},"loc":{"start":{"line":95,"column":16},"end":{"line":95,"column":39}}},"18":{"name":"(anonymous_19)","decl":{"start":{"line":98,"column":21},"end":{"line":98,"column":22}},"loc":{"start":{"line":98,"column":53},"end":{"line":120,"column":1}}},"19":{"name":"(anonymous_20)","decl":{"start":{"line":113,"column":10},"end":{"line":113,"column":14}},"loc":{"start":{"line":113,"column":18},"end":{"line":118,"column":5}}},"20":{"name":"(anonymous_21)","decl":{"start":{"line":119,"column":11},"end":{"line":119,"column":12}},"loc":{"start":{"line":119,"column":16},"end":{"line":119,"column":39}}},"21":{"name":"(anonymous_22)","decl":{"start":{"line":122,"column":24},"end":{"line":122,"column":26}},"loc":{"start":{"line":122,"column":29},"end":{"line":128,"column":1}}},"22":{"name":"(anonymous_23)","decl":{"start":{"line":124,"column":10},"end":{"line":124,"column":15}},"loc":{"start":{"line":124,"column":20},"end":{"line":124,"column":26}}},"23":{"name":"(anonymous_24)","decl":{"start":{"line":125,"column":11},"end":{"line":125,"column":12}},"loc":{"start":{"line":125,"column":15},"end":{"line":127,"column":5}}}},"branchMap":{"0":{"loc":{"start":{"line":28,"column":6},"end":{"line":30,"column":7}},"type":"if","locations":[{"start":{"line":28,"column":6},"end":{"line":30,"column":7}},{"start":{"line":28,"column":6},"end":{"line":30,"column":7}}]},"1":{"loc":{"start":{"line":38,"column":8},"end":{"line":38,"column":27}},"type":"if","locations":[{"start":{"line":38,"column":8},"end":{"line":38,"column":27}},{"start":{"line":38,"column":8},"end":{"line":38,"column":27}}]},"2":{"loc":{"start":{"line":64,"column":2},"end":{"line":66,"column":3}},"type":"if","locations":[{"start":{"line":64,"column":2},"end":{"line":66,"column":3}},{"start":{"line":64,"column":2},"end":{"line":66,"column":3}}]},"3":{"loc":{"start":{"line":69,"column":6},"end":{"line":71,"column":7}},"type":"if","locations":[{"start":{"line":69,"column":6},"end":{"line":71,"column":7}},{"start":{"line":69,"column":6},"end":{"line":71,"column":7}}]},"4":{"loc":{"start":{"line":80,"column":2},"end":{"line":82,"column":3}},"type":"if","locations":[{"start":{"line":80,"column":2},"end":{"line":82,"column":3}},{"start":{"line":80,"column":2},"end":{"line":82,"column":3}}]},"5":{"loc":{"start":{"line":86,"column":6},"end":{"line":88,"column":7}},"type":"if","locations":[{"start":{"line":86,"column":6},"end":{"line":88,"column":7}},{"start":{"line":86,"column":6},"end":{"line":88,"column":7}}]},"6":{"loc":{"start":{"line":91,"column":8},"end":{"line":91,"column":50}},"type":"if","locations":[{"start":{"line":91,"column":8},"end":{"line":91,"column":50}},{"start":{"line":91,"column":8},"end":{"line":91,"column":50}}]},"7":{"loc":{"start":{"line":102,"column":2},"end":{"line":104,"column":3}},"type":"if","locations":[{"start":{"line":102,"column":2},"end":{"line":104,"column":3}},{"start":{"line":102,"column":2},"end":{"line":104,"column":3}}]},"8":{"loc":{"start":{"line":114,"column":6},"end":{"line":116,"column":7}},"type":"if","locations":[{"start":{"line":114,"column":6},"end":{"line":116,"column":7}},{"start":{"line":114,"column":6},"end":{"line":116,"column":7}}]}},"s":{"0":4,"1":4,"2":4,"3":4,"4":4,"5":4,"6":4,"7":4,"8":1,"9":1,"10":1,"11":1,"12":1,"13":0,"14":1,"15":1,"16":1,"17":1,"18":0,"19":1,"20":1,"21":1,"22":1,"23":0,"24":4,"25":1,"26":1,"27":0,"28":4,"29":3,"30":3,"31":1,"32":2,"33":2,"34":1,"35":1,"36":0,"37":4,"38":3,"39":3,"40":1,"41":2,"42":2,"43":1,"44":1,"45":1,"46":1,"47":0,"48":1,"49":0,"50":4,"51":1,"52":1,"53":1,"54":0,"55":1,"56":1,"57":0,"58":1,"59":0,"60":4,"61":0,"62":0,"63":0},"f":{"0":1,"1":1,"2":1,"3":1,"4":1,"5":1,"6":1,"7":0,"8":1,"9":1,"10":0,"11":3,"12":2,"13":0,"14":3,"15":2,"16":1,"17":0,"18":1,"19":1,"20":0,"21":0,"22":0,"23":0},"b":{"0":[0,1],"1":[0,1],"2":[1,2],"3":[1,1],"4":[1,2],"5":[1,1],"6":[0,1],"7":[0,1],"8":[0,1]}}
,"C:\\Users\\mareksl\\Documents\\GitHub\\ts-backend-playground\\src\\controllers\\members.controller.ts": {"path":"C:\\Users\\mareksl\\Documents\\GitHub\\ts-backend-playground\\src\\controllers\\members.controller.ts","statementMap":{"0":{"start":{"line":1,"column":0},"end":{"line":1,"column":34}},"1":{"start":{"line":3,"column":0},"end":{"line":3,"column":56}},"2":{"start":{"line":4,"column":0},"end":{"line":4,"column":35}},"3":{"start":{"line":6,"column":13},"end":{"line":20,"column":2}},"4":{"start":{"line":7,"column":17},"end":{"line":14,"column":4}},"5":{"start":{"line":16,"column":2},"end":{"line":19,"column":41}},"6":{"start":{"line":18,"column":20},"end":{"line":18,"column":40}},"7":{"start":{"line":19,"column":16},"end":{"line":19,"column":39}},"8":{"start":{"line":22,"column":13},"end":{"line":28,"column":2}},"9":{"start":{"line":23,"column":2},"end":{"line":27,"column":7}},"10":{"start":{"line":24,"column":21},"end":{"line":24,"column":42}},"11":{"start":{"line":26,"column":6},"end":{"line":26,"column":30}},"12":{"start":{"line":30,"column":13},"end":{"line":45,"column":2}},"13":{"start":{"line":31,"column":13},"end":{"line":31,"column":26}},"14":{"start":{"line":33,"column":2},"end":{"line":35,"column":3}},"15":{"start":{"line":34,"column":4},"end":{"line":34,"column":34}},"16":{"start":{"line":37,"column":2},"end":{"line":44,"column":40}},"17":{"start":{"line":39,"column":6},"end":{"line":41,"column":7}},"18":{"start":{"line":40,"column":8},"end":{"line":40,"column":38}},"19":{"start":{"line":42,"column":6},"end":{"line":42,"column":27}},"20":{"start":{"line":44,"column":16},"end":{"line":44,"column":38}},"21":{"start":{"line":47,"column":13},"end":{"line":62,"column":2}},"22":{"start":{"line":48,"column":13},"end":{"line":48,"column":26}},"23":{"start":{"line":50,"column":2},"end":{"line":52,"column":3}},"24":{"start":{"line":51,"column":4},"end":{"line":51,"column":34}},"25":{"start":{"line":54,"column":2},"end":{"line":61,"column":40}},"26":{"start":{"line":56,"column":6},"end":{"line":58,"column":7}},"27":{"start":{"line":57,"column":8},"end":{"line":57,"column":38}},"28":{"start":{"line":59,"column":6},"end":{"line":59,"column":27}},"29":{"start":{"line":61,"column":16},"end":{"line":61,"column":38}},"30":{"start":{"line":64,"column":13},"end":{"line":91,"column":2}},"31":{"start":{"line":65,"column":13},"end":{"line":65,"column":26}},"32":{"start":{"line":66,"column":15},"end":{"line":73,"column":4}},"33":{"start":{"line":75,"column":2},"end":{"line":77,"column":3}},"34":{"start":{"line":76,"column":4},"end":{"line":76,"column":34}},"35":{"start":{"line":79,"column":2},"end":{"line":90,"column":41}},"36":{"start":{"line":85,"column":6},"end":{"line":87,"column":7}},"37":{"start":{"line":86,"column":8},"end":{"line":86,"column":38}},"38":{"start":{"line":88,"column":6},"end":{"line":88,"column":27}},"39":{"start":{"line":90,"column":16},"end":{"line":90,"column":39}},"40":{"start":{"line":93,"column":13},"end":{"line":99,"column":2}},"41":{"start":{"line":94,"column":2},"end":{"line":98,"column":7}},"42":{"start":{"line":95,"column":21},"end":{"line":95,"column":28}},"43":{"start":{"line":97,"column":6},"end":{"line":97,"column":21}}},"fnMap":{"0":{"name":"(anonymous_1)","decl":{"start":{"line":6,"column":20},"end":{"line":6,"column":21}},"loc":{"start":{"line":6,"column":52},"end":{"line":20,"column":1}}},"1":{"name":"(anonymous_2)","decl":{"start":{"line":18,"column":10},"end":{"line":18,"column":15}},"loc":{"start":{"line":18,"column":20},"end":{"line":18,"column":40}}},"2":{"name":"(anonymous_3)","decl":{"start":{"line":19,"column":11},"end":{"line":19,"column":12}},"loc":{"start":{"line":19,"column":16},"end":{"line":19,"column":39}}},"3":{"name":"(anonymous_4)","decl":{"start":{"line":22,"column":19},"end":{"line":22,"column":20}},"loc":{"start":{"line":22,"column":51},"end":{"line":28,"column":1}}},"4":{"name":"(anonymous_5)","decl":{"start":{"line":24,"column":10},"end":{"line":24,"column":16}},"loc":{"start":{"line":24,"column":21},"end":{"line":24,"column":42}}},"5":{"name":"(anonymous_6)","decl":{"start":{"line":25,"column":11},"end":{"line":25,"column":12}},"loc":{"start":{"line":25,"column":15},"end":{"line":27,"column":5}}},"6":{"name":"(anonymous_7)","decl":{"start":{"line":30,"column":23},"end":{"line":30,"column":24}},"loc":{"start":{"line":30,"column":55},"end":{"line":45,"column":1}}},"7":{"name":"(anonymous_8)","decl":{"start":{"line":38,"column":10},"end":{"line":38,"column":15}},"loc":{"start":{"line":38,"column":19},"end":{"line":43,"column":5}}},"8":{"name":"(anonymous_9)","decl":{"start":{"line":44,"column":11},"end":{"line":44,"column":12}},"loc":{"start":{"line":44,"column":16},"end":{"line":44,"column":38}}},"9":{"name":"(anonymous_10)","decl":{"start":{"line":47,"column":26},"end":{"line":47,"column":27}},"loc":{"start":{"line":47,"column":58},"end":{"line":62,"column":1}}},"10":{"name":"(anonymous_11)","decl":{"start":{"line":55,"column":10},"end":{"line":55,"column":15}},"loc":{"start":{"line":55,"column":19},"end":{"line":60,"column":5}}},"11":{"name":"(anonymous_12)","decl":{"start":{"line":61,"column":11},"end":{"line":61,"column":12}},"loc":{"start":{"line":61,"column":16},"end":{"line":61,"column":38}}},"12":{"name":"(anonymous_13)","decl":{"start":{"line":64,"column":21},"end":{"line":64,"column":22}},"loc":{"start":{"line":64,"column":53},"end":{"line":91,"column":1}}},"13":{"name":"(anonymous_14)","decl":{"start":{"line":84,"column":10},"end":{"line":84,"column":15}},"loc":{"start":{"line":84,"column":19},"end":{"line":89,"column":5}}},"14":{"name":"(anonymous_15)","decl":{"start":{"line":90,"column":11},"end":{"line":90,"column":12}},"loc":{"start":{"line":90,"column":16},"end":{"line":90,"column":39}}},"15":{"name":"(anonymous_16)","decl":{"start":{"line":93,"column":57},"end":{"line":93,"column":59}},"loc":{"start":{"line":93,"column":62},"end":{"line":99,"column":1}}},"16":{"name":"(anonymous_17)","decl":{"start":{"line":95,"column":10},"end":{"line":95,"column":16}},"loc":{"start":{"line":95,"column":21},"end":{"line":95,"column":28}}},"17":{"name":"(anonymous_18)","decl":{"start":{"line":96,"column":11},"end":{"line":96,"column":12}},"loc":{"start":{"line":96,"column":15},"end":{"line":98,"column":5}}}},"branchMap":{"0":{"loc":{"start":{"line":33,"column":2},"end":{"line":35,"column":3}},"type":"if","locations":[{"start":{"line":33,"column":2},"end":{"line":35,"column":3}},{"start":{"line":33,"column":2},"end":{"line":35,"column":3}}]},"1":{"loc":{"start":{"line":39,"column":6},"end":{"line":41,"column":7}},"type":"if","locations":[{"start":{"line":39,"column":6},"end":{"line":41,"column":7}},{"start":{"line":39,"column":6},"end":{"line":41,"column":7}}]},"2":{"loc":{"start":{"line":50,"column":2},"end":{"line":52,"column":3}},"type":"if","locations":[{"start":{"line":50,"column":2},"end":{"line":52,"column":3}},{"start":{"line":50,"column":2},"end":{"line":52,"column":3}}]},"3":{"loc":{"start":{"line":56,"column":6},"end":{"line":58,"column":7}},"type":"if","locations":[{"start":{"line":56,"column":6},"end":{"line":58,"column":7}},{"start":{"line":56,"column":6},"end":{"line":58,"column":7}}]},"4":{"loc":{"start":{"line":75,"column":2},"end":{"line":77,"column":3}},"type":"if","locations":[{"start":{"line":75,"column":2},"end":{"line":77,"column":3}},{"start":{"line":75,"column":2},"end":{"line":77,"column":3}}]},"5":{"loc":{"start":{"line":85,"column":6},"end":{"line":87,"column":7}},"type":"if","locations":[{"start":{"line":85,"column":6},"end":{"line":87,"column":7}},{"start":{"line":85,"column":6},"end":{"line":87,"column":7}}]}},"s":{"0":4,"1":4,"2":4,"3":4,"4":2,"5":2,"6":1,"7":1,"8":4,"9":1,"10":1,"11":0,"12":4,"13":3,"14":3,"15":1,"16":2,"17":2,"18":1,"19":1,"20":0,"21":4,"22":3,"23":3,"24":1,"25":2,"26":2,"27":1,"28":1,"29":0,"30":4,"31":1,"32":1,"33":1,"34":0,"35":1,"36":1,"37":0,"38":1,"39":0,"40":4,"41":0,"42":0,"43":0},"f":{"0":2,"1":1,"2":1,"3":1,"4":1,"5":0,"6":3,"7":2,"8":0,"9":3,"10":2,"11":0,"12":1,"13":1,"14":0,"15":0,"16":0,"17":0},"b":{"0":[1,2],"1":[1,1],"2":[1,2],"3":[1,1],"4":[0,1],"5":[0,1]}}
,"C:\\Users\\mareksl\\Documents\\GitHub\\ts-backend-playground\\src\\controllers\\static.controller.ts": {"path":"C:\\Users\\mareksl\\Documents\\GitHub\\ts-backend-playground\\src\\controllers\\static.controller.ts","statementMap":{"0":{"start":{"line":4,"column":0},"end":{"line":4,"column":68}},"1":{"start":{"line":5,"column":0},"end":{"line":5,"column":70}},"2":{"start":{"line":6,"column":0},"end":{"line":6,"column":72}},"3":{"start":{"line":7,"column":0},"end":{"line":7,"column":81}},"4":{"start":{"line":9,"column":20},"end":{"line":17,"column":1}},"5":{"start":{"line":10,"column":2},"end":{"line":12,"column":3}},"6":{"start":{"line":11,"column":4},"end":{"line":11,"column":14}},"7":{"start":{"line":13,"column":2},"end":{"line":15,"column":3}},"8":{"start":{"line":14,"column":4},"end":{"line":14,"column":13}},"9":{"start":{"line":16,"column":2},"end":{"line":16,"column":11}},"10":{"start":{"line":19,"column":0},"end":{"line":39,"column":2}},"11":{"start":{"line":19,"column":53},"end":{"line":39,"column":1}},"12":{"start":{"line":20,"column":2},"end":{"line":38,"column":3}},"13":{"start":{"line":21,"column":22},"end":{"line":21,"column":55}},"14":{"start":{"line":22,"column":23},"end":{"line":22,"column":57}},"15":{"start":{"line":23,"column":24},"end":{"line":23,"column":59}},"16":{"start":{"line":24,"column":29},"end":{"line":24,"column":68}},"17":{"start":{"line":25,"column":24},"end":{"line":25,"column":26}},"18":{"start":{"line":26,"column":4},"end":{"line":35,"column":5}},"19":{"start":{"line":27,"column":6},"end":{"line":27,"column":51}},"20":{"start":{"line":28,"column":6},"end":{"line":34,"column":9}},"21":{"start":{"line":37,"column":4},"end":{"line":37,"column":27}}},"fnMap":{"0":{"name":"(anonymous_7)","decl":{"start":{"line":9,"column":20},"end":{"line":9,"column":21}},"loc":{"start":{"line":9,"column":47},"end":{"line":17,"column":1}}},"1":{"name":"(anonymous_8)","decl":{"start":{"line":19,"column":15},"end":{"line":19,"column":22}},"loc":{"start":{"line":19,"column":53},"end":{"line":39,"column":1}}},"2":{"name":"(anonymous_9)","decl":{"start":{"line":19,"column":53},"end":{"line":null,"column":-1}},"loc":{"start":{"line":19,"column":53},"end":{"line":39,"column":1}}}},"branchMap":{"0":{"loc":{"start":{"line":10,"column":2},"end":{"line":12,"column":3}},"type":"if","locations":[{"start":{"line":10,"column":2},"end":{"line":12,"column":3}},{"start":{"line":10,"column":2},"end":{"line":12,"column":3}}]},"1":{"loc":{"start":{"line":13,"column":2},"end":{"line":15,"column":3}},"type":"if","locations":[{"start":{"line":13,"column":2},"end":{"line":15,"column":3}},{"start":{"line":13,"column":2},"end":{"line":15,"column":3}}]},"2":{"loc":{"start":{"line":26,"column":4},"end":{"line":35,"column":5}},"type":"if","locations":[{"start":{"line":26,"column":4},"end":{"line":35,"column":5}},{"start":{"line":26,"column":4},"end":{"line":35,"column":5}}]}},"s":{"0":4,"1":4,"2":4,"3":4,"4":4,"5":0,"6":0,"7":0,"8":0,"9":0,"10":4,"11":0,"12":0,"13":0,"14":0,"15":0,"16":0,"17":0,"18":0,"19":0,"20":0,"21":0},"f":{"0":0,"1":0,"2":0},"b":{"0":[0,0],"1":[0,0],"2":[0,0]}}
,"C:\\Users\\mareksl\\Documents\\GitHub\\ts-backend-playground\\src\\controllers\\users.controller.ts": {"path":"C:\\Users\\mareksl\\Documents\\GitHub\\ts-backend-playground\\src\\controllers\\users.controller.ts","statementMap":{"0":{"start":{"line":3,"column":0},"end":{"line":3,"column":39}},"1":{"start":{"line":4,"column":0},"end":{"line":4,"column":35}},"2":{"start":{"line":7,"column":13},"end":{"line":17,"column":2}},"3":{"start":{"line":8,"column":15},"end":{"line":8,"column":64}},"4":{"start":{"line":9,"column":15},"end":{"line":9,"column":29}},"5":{"start":{"line":11,"column":2},"end":{"line":16,"column":7}},"6":{"start":{"line":13,"column":16},"end":{"line":13,"column":40}},"7":{"start":{"line":15,"column":6},"end":{"line":15,"column":45}},"8":{"start":{"line":19,"column":13},"end":{"line":21,"column":2}},"9":{"start":{"line":20,"column":2},"end":{"line":20,"column":21}},"10":{"start":{"line":23,"column":13},"end":{"line":35,"column":2}},"11":{"start":{"line":24,"column":15},"end":{"line":24,"column":55}},"12":{"start":{"line":26,"column":2},"end":{"line":34,"column":7}},"13":{"start":{"line":28,"column":6},"end":{"line":30,"column":9}},"14":{"start":{"line":29,"column":8},"end":{"line":29,"column":47}},"15":{"start":{"line":33,"column":6},"end":{"line":33,"column":29}},"16":{"start":{"line":37,"column":13},"end":{"line":45,"column":2}},"17":{"start":{"line":38,"column":2},"end":{"line":40,"column":3}},"18":{"start":{"line":39,"column":4},"end":{"line":39,"column":34}},"19":{"start":{"line":41,"column":2},"end":{"line":44,"column":40}},"20":{"start":{"line":43,"column":16},"end":{"line":43,"column":38}},"21":{"start":{"line":44,"column":16},"end":{"line":44,"column":38}}},"fnMap":{"0":{"name":"(anonymous_1)","decl":{"start":{"line":7,"column":20},"end":{"line":7,"column":21}},"loc":{"start":{"line":7,"column":52},"end":{"line":17,"column":1}}},"1":{"name":"(anonymous_2)","decl":{"start":{"line":13,"column":10},"end":{"line":13,"column":12}},"loc":{"start":{"line":13,"column":16},"end":{"line":13,"column":40}}},"2":{"name":"(anonymous_3)","decl":{"start":{"line":14,"column":10},"end":{"line":14,"column":14}},"loc":{"start":{"line":14,"column":18},"end":{"line":16,"column":5}}},"3":{"name":"(anonymous_4)","decl":{"start":{"line":19,"column":19},"end":{"line":19,"column":20}},"loc":{"start":{"line":19,"column":55},"end":{"line":21,"column":1}}},"4":{"name":"(anonymous_5)","decl":{"start":{"line":23,"column":21},"end":{"line":23,"column":22}},"loc":{"start":{"line":23,"column":53},"end":{"line":35,"column":1}}},"5":{"name":"(anonymous_6)","decl":{"start":{"line":27,"column":10},"end":{"line":27,"column":13}},"loc":{"start":{"line":27,"column":17},"end":{"line":31,"column":5}}},"6":{"name":"(anonymous_7)","decl":{"start":{"line":28,"column":43},"end":{"line":28,"column":47}},"loc":{"start":{"line":28,"column":51},"end":{"line":30,"column":7}}},"7":{"name":"(anonymous_8)","decl":{"start":{"line":32,"column":11},"end":{"line":32,"column":12}},"loc":{"start":{"line":32,"column":15},"end":{"line":34,"column":5}}},"8":{"name":"(anonymous_9)","decl":{"start":{"line":37,"column":22},"end":{"line":37,"column":23}},"loc":{"start":{"line":37,"column":58},"end":{"line":45,"column":1}}},"9":{"name":"(anonymous_10)","decl":{"start":{"line":43,"column":10},"end":{"line":43,"column":12}},"loc":{"start":{"line":43,"column":16},"end":{"line":43,"column":38}}},"10":{"name":"(anonymous_11)","decl":{"start":{"line":44,"column":11},"end":{"line":44,"column":12}},"loc":{"start":{"line":44,"column":16},"end":{"line":44,"column":38}}}},"branchMap":{"0":{"loc":{"start":{"line":38,"column":2},"end":{"line":40,"column":3}},"type":"if","locations":[{"start":{"line":38,"column":2},"end":{"line":40,"column":3}},{"start":{"line":38,"column":2},"end":{"line":40,"column":3}}]},"1":{"loc":{"start":{"line":38,"column":6},"end":{"line":38,"column":15}},"type":"binary-expr","locations":[{"start":{"line":38,"column":6},"end":{"line":38,"column":15}},{"start":{"line":38,"column":19},"end":{"line":38,"column":29}}]}},"s":{"0":4,"1":4,"2":4,"3":0,"4":0,"5":0,"6":0,"7":0,"8":4,"9":0,"10":4,"11":0,"12":0,"13":0,"14":0,"15":0,"16":4,"17":0,"18":0,"19":0,"20":0,"21":0},"f":{"0":0,"1":0,"2":0,"3":0,"4":0,"5":0,"6":0,"7":0,"8":0,"9":0,"10":0},"b":{"0":[0,0],"1":[0,0]}}
,"C:\\Users\\mareksl\\Documents\\GitHub\\ts-backend-playground\\src\\db\\mongoose.ts": {"path":"C:\\Users\\mareksl\\Documents\\GitHub\\ts-backend-playground\\src\\db\\mongoose.ts","statementMap":{"0":{"start":{"line":1,"column":0},"end":{"line":1,"column":31}},"1":{"start":{"line":3,"column":0},"end":{"line":3,"column":34}},"2":{"start":{"line":5,"column":0},"end":{"line":5,"column":48}}},"fnMap":{},"branchMap":{"0":{"loc":{"start":{"line":5,"column":17},"end":{"line":5,"column":40}},"type":"binary-expr","locations":[{"start":{"line":5,"column":17},"end":{"line":5,"column":40}},{"start":{"line":5,"column":44},"end":{"line":5,"column":46}}]}},"s":{"0":4,"1":4,"2":4},"f":{},"b":{"0":[4,0]}}
,"C:\\Users\\mareksl\\Documents\\GitHub\\ts-backend-playground\\src\\middleware\\authenticate.ts": {"path":"C:\\Users\\mareksl\\Documents\\GitHub\\ts-backend-playground\\src\\middleware\\authenticate.ts","statementMap":{"0":{"start":{"line":1,"column":0},"end":{"line":1,"column":50}},"1":{"start":{"line":9,"column":13},"end":{"line":28,"column":2}},"2":{"start":{"line":14,"column":16},"end":{"line":14,"column":36}},"3":{"start":{"line":16,"column":2},"end":{"line":27,"column":7}},"4":{"start":{"line":18,"column":6},"end":{"line":20,"column":7}},"5":{"start":{"line":19,"column":8},"end":{"line":19,"column":59}},"6":{"start":{"line":21,"column":6},"end":{"line":21,"column":22}},"7":{"start":{"line":22,"column":6},"end":{"line":22,"column":24}},"8":{"start":{"line":23,"column":6},"end":{"line":23,"column":13}},"9":{"start":{"line":26,"column":6},"end":{"line":26,"column":29}}},"fnMap":{"0":{"name":"(anonymous_1)","decl":{"start":{"line":9,"column":28},"end":{"line":10,"column":2}},"loc":{"start":{"line":13,"column":4},"end":{"line":28,"column":1}}},"1":{"name":"(anonymous_2)","decl":{"start":{"line":17,"column":10},"end":{"line":17,"column":11}},"loc":{"start":{"line":17,"column":26},"end":{"line":24,"column":5}}},"2":{"name":"(anonymous_3)","decl":{"start":{"line":25,"column":11},"end":{"line":25,"column":12}},"loc":{"start":{"line":25,"column":24},"end":{"line":27,"column":5}}}},"branchMap":{"0":{"loc":{"start":{"line":18,"column":6},"end":{"line":20,"column":7}},"type":"if","locations":[{"start":{"line":18,"column":6},"end":{"line":20,"column":7}},{"start":{"line":18,"column":6},"end":{"line":20,"column":7}}]}},"s":{"0":4,"1":4,"2":25,"3":25,"4":25,"5":0,"6":25,"7":25,"8":25,"9":0},"f":{"0":25,"1":25,"2":0},"b":{"0":[0,25]}}
,"C:\\Users\\mareksl\\Documents\\GitHub\\ts-backend-playground\\src\\middleware\\upload.ts": {"path":"C:\\Users\\mareksl\\Documents\\GitHub\\ts-backend-playground\\src\\middleware\\upload.ts","statementMap":{"0":{"start":{"line":1,"column":0},"end":{"line":1,"column":27}},"1":{"start":{"line":2,"column":0},"end":{"line":2,"column":23}},"2":{"start":{"line":3,"column":0},"end":{"line":3,"column":27}},"3":{"start":{"line":4,"column":0},"end":{"line":4,"column":23}},"4":{"start":{"line":7,"column":24},"end":{"line":7,"column":73}},"5":{"start":{"line":9,"column":16},"end":{"line":23,"column":2}},"6":{"start":{"line":11,"column":4},"end":{"line":11,"column":30}},"7":{"start":{"line":14,"column":4},"end":{"line":21,"column":7}},"8":{"start":{"line":15,"column":6},"end":{"line":20,"column":8}},"9":{"start":{"line":25,"column":20},"end":{"line":36,"column":18}},"10":{"start":{"line":31,"column":4},"end":{"line":33,"column":5}},"11":{"start":{"line":32,"column":6},"end":{"line":32,"column":28}},"12":{"start":{"line":34,"column":4},"end":{"line":34,"column":59}},"13":{"start":{"line":38,"column":13},"end":{"line":45,"column":2}},"14":{"start":{"line":39,"column":2},"end":{"line":44,"column":5}},"15":{"start":{"line":40,"column":4},"end":{"line":42,"column":5}},"16":{"start":{"line":41,"column":8},"end":{"line":41,"column":49}},"17":{"start":{"line":43,"column":4},"end":{"line":43,"column":11}}},"fnMap":{"0":{"name":"(anonymous_1)","decl":{"start":{"line":10,"column":15},"end":{"line":10,"column":16}},"loc":{"start":{"line":10,"column":33},"end":{"line":12,"column":3}}},"1":{"name":"(anonymous_2)","decl":{"start":{"line":13,"column":12},"end":{"line":13,"column":13}},"loc":{"start":{"line":13,"column":30},"end":{"line":22,"column":3}}},"2":{"name":"(anonymous_3)","decl":{"start":{"line":14,"column":33},"end":{"line":14,"column":34}},"loc":{"start":{"line":14,"column":46},"end":{"line":21,"column":5}}},"3":{"name":"(anonymous_4)","decl":{"start":{"line":30,"column":14},"end":{"line":30,"column":15}},"loc":{"start":{"line":30,"column":32},"end":{"line":35,"column":3}}},"4":{"name":"(anonymous_5)","decl":{"start":{"line":38,"column":21},"end":{"line":38,"column":22}},"loc":{"start":{"line":38,"column":73},"end":{"line":45,"column":1}}},"5":{"name":"(anonymous_6)","decl":{"start":{"line":39,"column":24},"end":{"line":39,"column":26}},"loc":{"start":{"line":39,"column":30},"end":{"line":44,"column":3}}}},"branchMap":{"0":{"loc":{"start":{"line":31,"column":4},"end":{"line":33,"column":5}},"type":"if","locations":[{"start":{"line":31,"column":4},"end":{"line":33,"column":5}},{"start":{"line":31,"column":4},"end":{"line":33,"column":5}}]},"1":{"loc":{"start":{"line":40,"column":4},"end":{"line":42,"column":5}},"type":"if","locations":[{"start":{"line":40,"column":4},"end":{"line":42,"column":5}},{"start":{"line":40,"column":4},"end":{"line":42,"column":5}}]}},"s":{"0":4,"1":4,"2":4,"3":4,"4":4,"5":4,"6":1,"7":1,"8":1,"9":4,"10":2,"11":1,"12":1,"13":4,"14":2,"15":2,"16":1,"17":1},"f":{"0":1,"1":1,"2":1,"3":2,"4":2,"5":2},"b":{"0":[1,1],"1":[1,1]}}
,"C:\\Users\\mareksl\\Documents\\GitHub\\ts-backend-playground\\src\\models\\contact.model.ts": {"path":"C:\\Users\\mareksl\\Documents\\GitHub\\ts-backend-playground\\src\\models\\contact.model.ts","statementMap":{"0":{"start":{"line":1,"column":0},"end":{"line":1,"column":75}},"1":{"start":{"line":2,"column":0},"end":{"line":2,"column":33}},"2":{"start":{"line":24,"column":22},"end":{"line":88,"column":2}},"3":{"start":{"line":34,"column":6},"end":{"line":34,"column":36}},"4":{"start":{"line":49,"column":6},"end":{"line":49,"column":37}},"5":{"start":{"line":61,"column":6},"end":{"line":61,"column":40}},"6":{"start":{"line":69,"column":34},"end":{"line":69,"column":69}},"7":{"start":{"line":73,"column":6},"end":{"line":73,"column":40}},"8":{"start":{"line":85,"column":6},"end":{"line":85,"column":41}},"9":{"start":{"line":90,"column":33},"end":{"line":90,"column":74}},"10":{"start":{"line":91,"column":0},"end":{"line":91,"column":23}}},"fnMap":{"0":{"name":"(anonymous_1)","decl":{"start":{"line":33,"column":14},"end":{"line":null,"column":-1}},"loc":{"start":{"line":33,"column":14},"end":{"line":35,"column":5}}},"1":{"name":"(anonymous_2)","decl":{"start":{"line":48,"column":14},"end":{"line":null,"column":-1}},"loc":{"start":{"line":48,"column":14},"end":{"line":50,"column":5}}},"2":{"name":"(anonymous_3)","decl":{"start":{"line":60,"column":14},"end":{"line":null,"column":-1}},"loc":{"start":{"line":60,"column":14},"end":{"line":62,"column":5}}},"3":{"name":"(anonymous_4)","decl":{"start":{"line":69,"column":17},"end":{"line":69,"column":18}},"loc":{"start":{"line":69,"column":34},"end":{"line":69,"column":69}}},"4":{"name":"(anonymous_5)","decl":{"start":{"line":72,"column":14},"end":{"line":null,"column":-1}},"loc":{"start":{"line":72,"column":14},"end":{"line":74,"column":5}}},"5":{"name":"(anonymous_6)","decl":{"start":{"line":84,"column":14},"end":{"line":null,"column":-1}},"loc":{"start":{"line":84,"column":14},"end":{"line":86,"column":5}}}},"branchMap":{"0":{"loc":{"start":{"line":61,"column":15},"end":{"line":61,"column":25}},"type":"binary-expr","locations":[{"start":{"line":61,"column":15},"end":{"line":61,"column":25}},{"start":{"line":61,"column":29},"end":{"line":61,"column":38}}]},"1":{"loc":{"start":{"line":73,"column":15},"end":{"line":73,"column":25}},"type":"binary-expr","locations":[{"start":{"line":73,"column":15},"end":{"line":73,"column":25}},{"start":{"line":73,"column":29},"end":{"line":73,"column":38}}]},"2":{"loc":{"start":{"line":85,"column":15},"end":{"line":85,"column":25}},"type":"binary-expr","locations":[{"start":{"line":85,"column":15},"end":{"line":85,"column":25}},{"start":{"line":85,"column":29},"end":{"line":85,"column":39}}]}},"s":{"0":4,"1":4,"2":4,"3":26,"4":26,"5":25,"6":12,"7":25,"8":25,"9":4,"10":4},"f":{"0":26,"1":26,"2":25,"3":12,"4":25,"5":25},"b":{"0":[25,13],"1":[25,12],"2":[25,12]}}
,"C:\\Users\\mareksl\\Documents\\GitHub\\ts-backend-playground\\src\\models\\event.model.ts": {"path":"C:\\Users\\mareksl\\Documents\\GitHub\\ts-backend-playground\\src\\models\\event.model.ts","statementMap":{"0":{"start":{"line":1,"column":0},"end":{"line":1,"column":45}},"1":{"start":{"line":2,"column":0},"end":{"line":2,"column":33}},"2":{"start":{"line":11,"column":20},"end":{"line":34,"column":2}},"3":{"start":{"line":36,"column":14},"end":{"line":36,"column":58}},"4":{"start":{"line":37,"column":0},"end":{"line":37,"column":21}}},"fnMap":{},"branchMap":{},"s":{"0":4,"1":4,"2":4,"3":4,"4":4},"f":{},"b":{}}
,"C:\\Users\\mareksl\\Documents\\GitHub\\ts-backend-playground\\src\\models\\gallery-image.model.ts": {"path":"C:\\Users\\mareksl\\Documents\\GitHub\\ts-backend-playground\\src\\models\\gallery-image.model.ts","statementMap":{"0":{"start":{"line":1,"column":0},"end":{"line":1,"column":57}},"1":{"start":{"line":9,"column":27},"end":{"line":21,"column":2}},"2":{"start":{"line":23,"column":21},"end":{"line":23,"column":77}},"3":{"start":{"line":24,"column":0},"end":{"line":24,"column":28}}},"fnMap":{},"branchMap":{},"s":{"0":4,"1":4,"2":4,"3":4},"f":{},"b":{}}
,"C:\\Users\\mareksl\\Documents\\GitHub\\ts-backend-playground\\src\\models\\member.model.ts": {"path":"C:\\Users\\mareksl\\Documents\\GitHub\\ts-backend-playground\\src\\models\\member.model.ts","statementMap":{"0":{"start":{"line":1,"column":0},"end":{"line":1,"column":45}},"1":{"start":{"line":2,"column":0},"end":{"line":2,"column":33}},"2":{"start":{"line":13,"column":21},"end":{"line":47,"column":2}},"3":{"start":{"line":49,"column":15},"end":{"line":49,"column":62}},"4":{"start":{"line":50,"column":0},"end":{"line":50,"column":22}}},"fnMap":{},"branchMap":{},"s":{"0":4,"1":4,"2":4,"3":4,"4":4},"f":{},"b":{}}
,"C:\\Users\\mareksl\\Documents\\GitHub\\ts-backend-playground\\src\\models\\user.model.ts": {"path":"C:\\Users\\mareksl\\Documents\\GitHub\\ts-backend-playground\\src\\models\\user.model.ts","statementMap":{"0":{"start":{"line":1,"column":0},"end":{"line":1,"column":72}},"1":{"start":{"line":2,"column":0},"end":{"line":2,"column":33}},"2":{"start":{"line":4,"column":0},"end":{"line":4,"column":30}},"3":{"start":{"line":5,"column":0},"end":{"line":5,"column":29}},"4":{"start":{"line":8,"column":0},"end":{"line":8,"column":35}},"5":{"start":{"line":33,"column":19},"end":{"line":76,"column":2}},"6":{"start":{"line":78,"column":0},"end":{"line":101,"column":2}},"7":{"start":{"line":79,"column":15},"end":{"line":79,"column":19}},"8":{"start":{"line":80,"column":17},"end":{"line":80,"column":23}},"9":{"start":{"line":82,"column":16},"end":{"line":90,"column":15}},"10":{"start":{"line":92,"column":2},"end":{"line":97,"column":5}},"11":{"start":{"line":98,"column":2},"end":{"line":100,"column":5}},"12":{"start":{"line":99,"column":4},"end":{"line":99,"column":17}},"13":{"start":{"line":103,"column":0},"end":{"line":111,"column":2}},"14":{"start":{"line":104,"column":15},"end":{"line":104,"column":19}},"15":{"start":{"line":106,"column":2},"end":{"line":110,"column":5}},"16":{"start":{"line":113,"column":0},"end":{"line":132,"column":2}},"17":{"start":{"line":114,"column":15},"end":{"line":114,"column":19}},"18":{"start":{"line":117,"column":2},"end":{"line":125,"column":3}},"19":{"start":{"line":119,"column":4},"end":{"line":122,"column":6}},"20":{"start":{"line":124,"column":4},"end":{"line":124,"column":64}},"21":{"start":{"line":127,"column":2},"end":{"line":131,"column":5}},"22":{"start":{"line":134,"column":0},"end":{"line":154,"column":2}},"23":{"start":{"line":138,"column":15},"end":{"line":138,"column":19}},"24":{"start":{"line":140,"column":2},"end":{"line":153,"column":5}},"25":{"start":{"line":141,"column":4},"end":{"line":143,"column":5}},"26":{"start":{"line":142,"column":6},"end":{"line":142,"column":57}},"27":{"start":{"line":144,"column":4},"end":{"line":152,"column":7}},"28":{"start":{"line":145,"column":6},"end":{"line":151,"column":9}},"29":{"start":{"line":146,"column":8},"end":{"line":150,"column":9}},"30":{"start":{"line":147,"column":10},"end":{"line":147,"column":24}},"31":{"start":{"line":149,"column":10},"end":{"line":149,"column":19}},"32":{"start":{"line":156,"column":0},"end":{"line":161,"column":2}},"33":{"start":{"line":157,"column":15},"end":{"line":157,"column":19}},"34":{"start":{"line":158,"column":21},"end":{"line":158,"column":36}},"35":{"start":{"line":160,"column":2},"end":{"line":160,"column":56}},"36":{"start":{"line":163,"column":0},"end":{"line":176,"column":3}},"37":{"start":{"line":164,"column":15},"end":{"line":164,"column":28}},"38":{"start":{"line":166,"column":2},"end":{"line":175,"column":3}},"39":{"start":{"line":167,"column":4},"end":{"line":172,"column":7}},"40":{"start":{"line":168,"column":6},"end":{"line":171,"column":9}},"41":{"start":{"line":169,"column":8},"end":{"line":169,"column":29}},"42":{"start":{"line":170,"column":8},"end":{"line":170,"column":15}},"43":{"start":{"line":174,"column":4},"end":{"line":174,"column":11}},"44":{"start":{"line":178,"column":25},"end":{"line":178,"column":69}},"45":{"start":{"line":179,"column":0},"end":{"line":179,"column":20}}},"fnMap":{"0":{"name":"(anonymous_1)","decl":{"start":{"line":78,"column":39},"end":{"line":null,"column":-1}},"loc":{"start":{"line":78,"column":39},"end":{"line":101,"column":1}}},"1":{"name":"(anonymous_2)","decl":{"start":{"line":98,"column":26},"end":{"line":98,"column":28}},"loc":{"start":{"line":98,"column":31},"end":{"line":100,"column":3}}},"2":{"name":"(anonymous_3)","decl":{"start":{"line":103,"column":33},"end":{"line":103,"column":41}},"loc":{"start":{"line":103,"column":55},"end":{"line":111,"column":1}}},"3":{"name":"(anonymous_4)","decl":{"start":{"line":113,"column":33},"end":{"line":113,"column":41}},"loc":{"start":{"line":113,"column":55},"end":{"line":132,"column":1}}},"4":{"name":"(anonymous_5)","decl":{"start":{"line":134,"column":39},"end":{"line":135,"column":1}},"loc":{"start":{"line":136,"column":18},"end":{"line":154,"column":1}}},"5":{"name":"(anonymous_6)","decl":{"start":{"line":140,"column":41},"end":{"line":140,"column":42}},"loc":{"start":{"line":140,"column":64},"end":{"line":153,"column":3}}},"6":{"name":"(anonymous_7)","decl":{"start":{"line":144,"column":23},"end":{"line":144,"column":24}},"loc":{"start":{"line":144,"column":43},"end":{"line":152,"column":5}}},"7":{"name":"(anonymous_8)","decl":{"start":{"line":145,"column":46},"end":{"line":145,"column":47}},"loc":{"start":{"line":145,"column":59},"end":{"line":151,"column":7}}},"8":{"name":"(anonymous_9)","decl":{"start":{"line":156,"column":28},"end":{"line":null,"column":-1}},"loc":{"start":{"line":156,"column":28},"end":{"line":161,"column":1}}},"9":{"name":"(anonymous_10)","decl":{"start":{"line":163,"column":23},"end":{"line":163,"column":31}},"loc":{"start":{"line":163,"column":36},"end":{"line":176,"column":1}}},"10":{"name":"(anonymous_11)","decl":{"start":{"line":167,"column":23},"end":{"line":167,"column":24}},"loc":{"start":{"line":167,"column":37},"end":{"line":172,"column":5}}},"11":{"name":"(anonymous_12)","decl":{"start":{"line":168,"column":39},"end":{"line":168,"column":40}},"loc":{"start":{"line":168,"column":53},"end":{"line":171,"column":7}}}},"branchMap":{"0":{"loc":{"start":{"line":88,"column":6},"end":{"line":88,"column":28}},"type":"binary-expr","locations":[{"start":{"line":88,"column":6},"end":{"line":88,"column":28}},{"start":{"line":88,"column":32},"end":{"line":88,"column":34}}]},"1":{"loc":{"start":{"line":119,"column":32},"end":{"line":119,"column":54}},"type":"binary-expr","locations":[{"start":{"line":119,"column":32},"end":{"line":119,"column":54}},{"start":{"line":119,"column":58},"end":{"line":119,"column":60}}]},"2":{"loc":{"start":{"line":141,"column":4},"end":{"line":143,"column":5}},"type":"if","locations":[{"start":{"line":141,"column":4},"end":{"line":143,"column":5}},{"start":{"line":141,"column":4},"end":{"line":143,"column":5}}]},"3":{"loc":{"start":{"line":146,"column":8},"end":{"line":150,"column":9}},"type":"if","locations":[{"start":{"line":146,"column":8},"end":{"line":150,"column":9}},{"start":{"line":146,"column":8},"end":{"line":150,"column":9}}]},"4":{"loc":{"start":{"line":166,"column":2},"end":{"line":175,"column":3}},"type":"if","locations":[{"start":{"line":166,"column":2},"end":{"line":175,"column":3}},{"start":{"line":166,"column":2},"end":{"line":175,"column":3}}]}},"s":{"0":4,"1":4,"2":4,"3":4,"4":4,"5":4,"6":4,"7":0,"8":0,"9":0,"10":0,"11":0,"12":0,"13":4,"14":0,"15":0,"16":4,"17":25,"18":25,"19":25,"20":0,"21":25,"22":4,"23":0,"24":0,"25":0,"26":0,"27":0,"28":0,"29":0,"30":0,"31":0,"32":4,"33":0,"34":0,"35":0,"36":4,"37":82,"38":82,"39":82,"40":82,"41":82,"42":82,"43":0,"44":4,"45":4},"f":{"0":0,"1":0,"2":0,"3":25,"4":0,"5":0,"6":0,"7":0,"8":0,"9":82,"10":82,"11":82},"b":{"0":[0,0],"1":[25,0],"2":[0,0],"3":[0,0],"4":[82,0]}}
,"C:\\Users\\mareksl\\Documents\\GitHub\\ts-backend-playground\\src\\util\\helpers.ts": {"path":"C:\\Users\\mareksl\\Documents\\GitHub\\ts-backend-playground\\src\\util\\helpers.ts","statementMap":{"0":{"start":{"line":1,"column":0},"end":{"line":1,"column":21}},"1":{"start":{"line":2,"column":0},"end":{"line":2,"column":27}},"2":{"start":{"line":4,"column":0},"end":{"line":4,"column":80}},"3":{"start":{"line":4,"column":40},"end":{"line":4,"column":78}},"4":{"start":{"line":5,"column":0},"end":{"line":18,"column":3}},"5":{"start":{"line":11,"column":2},"end":{"line":12,"column":66}},"6":{"start":{"line":12,"column":4},"end":{"line":12,"column":66}},"7":{"start":{"line":13,"column":2},"end":{"line":17,"column":3}},"8":{"start":{"line":14,"column":4},"end":{"line":14,"column":33}},"9":{"start":{"line":16,"column":4},"end":{"line":16,"column":28}},"10":{"start":{"line":19,"column":0},"end":{"line":22,"column":3}},"11":{"start":{"line":20,"column":19},"end":{"line":20,"column":63}},"12":{"start":{"line":21,"column":2},"end":{"line":21,"column":42}}},"fnMap":{"0":{"name":"(anonymous_1)","decl":{"start":{"line":4,"column":27},"end":{"line":4,"column":35}},"loc":{"start":{"line":4,"column":40},"end":{"line":4,"column":78}}},"1":{"name":"(anonymous_2)","decl":{"start":{"line":5,"column":28},"end":{"line":7,"column":1}},"loc":{"start":{"line":9,"column":9},"end":{"line":18,"column":1}}},"2":{"name":"(anonymous_3)","decl":{"start":{"line":19,"column":31},"end":{"line":19,"column":39}},"loc":{"start":{"line":19,"column":46},"end":{"line":22,"column":1}}}},"branchMap":{"0":{"loc":{"start":{"line":11,"column":2},"end":{"line":12,"column":66}},"type":"if","locations":[{"start":{"line":11,"column":2},"end":{"line":12,"column":66}},{"start":{"line":11,"column":2},"end":{"line":12,"column":66}}]},"1":{"loc":{"start":{"line":13,"column":2},"end":{"line":17,"column":3}},"type":"if","locations":[{"start":{"line":13,"column":2},"end":{"line":17,"column":3}},{"start":{"line":13,"column":2},"end":{"line":17,"column":3}}]},"2":{"loc":{"start":{"line":20,"column":37},"end":{"line":20,"column":58}},"type":"cond-expr","locations":[{"start":{"line":20,"column":37},"end":{"line":20,"column":58}},{"start":{"line":20,"column":61},"end":{"line":20,"column":63}}]}},"s":{"0":4,"1":4,"2":4,"3":0,"4":4,"5":0,"6":0,"7":0,"8":0,"9":0,"10":4,"11":0,"12":0},"f":{"0":0,"1":0,"2":0},"b":{"0":[0,0],"1":[0,0],"2":[0,0]}}
,"C:\\Users\\mareksl\\Documents\\GitHub\\ts-backend-playground\\src\\util\\util.ts": {"path":"C:\\Users\\mareksl\\Documents\\GitHub\\ts-backend-playground\\src\\util\\util.ts","statementMap":{"0":{"start":{"line":2,"column":19},"end":{"line":2,"column":21}},"1":{"start":{"line":3,"column":2},"end":{"line":7,"column":5}},"2":{"start":{"line":4,"column":4},"end":{"line":6,"column":5}},"3":{"start":{"line":5,"column":6},"end":{"line":5,"column":26}},"4":{"start":{"line":8,"column":2},"end":{"line":8,"column":13}},"5":{"start":{"line":1,"column":0},"end":{"line":9,"column":1}}},"fnMap":{"0":{"name":"pick","decl":{"start":{"line":1,"column":0},"end":{"line":1,"column":42}},"loc":{"start":{"line":1,"column":60},"end":{"line":9,"column":1}}},"1":{"name":"(anonymous_1)","decl":{"start":{"line":3,"column":15},"end":{"line":3,"column":17}},"loc":{"start":{"line":3,"column":21},"end":{"line":7,"column":3}}}},"branchMap":{"0":{"loc":{"start":{"line":4,"column":4},"end":{"line":6,"column":5}},"type":"if","locations":[{"start":{"line":4,"column":4},"end":{"line":6,"column":5}},{"start":{"line":4,"column":4},"end":{"line":6,"column":5}}]}},"s":{"0":5,"1":5,"2":20,"3":9,"4":5,"5":5},"f":{"0":5,"1":20},"b":{"0":[9,11]}}
,"C:\\Users\\mareksl\\Documents\\GitHub\\ts-backend-playground\\tests\\seed\\seed.ts": {"path":"C:\\Users\\mareksl\\Documents\\GitHub\\ts-backend-playground\\tests\\seed\\seed.ts","statementMap":{"0":{"start":{"line":1,"column":0},"end":{"line":1,"column":34}},"1":{"start":{"line":2,"column":0},"end":{"line":2,"column":48}},"2":{"start":{"line":3,"column":0},"end":{"line":3,"column":50}},"3":{"start":{"line":4,"column":0},"end":{"line":4,"column":52}},"4":{"start":{"line":5,"column":0},"end":{"line":5,"column":63}},"5":{"start":{"line":6,"column":0},"end":{"line":6,"column":46}},"6":{"start":{"line":7,"column":0},"end":{"line":7,"column":27}},"7":{"start":{"line":8,"column":0},"end":{"line":8,"column":19}},"8":{"start":{"line":9,"column":0},"end":{"line":9,"column":30}},"9":{"start":{"line":11,"column":13},"end":{"line":26,"column":2}},"10":{"start":{"line":28,"column":13},"end":{"line":34,"column":2}},"11":{"start":{"line":29,"column":2},"end":{"line":33,"column":24}},"12":{"start":{"line":31,"column":6},"end":{"line":31,"column":38}},"13":{"start":{"line":33,"column":16},"end":{"line":33,"column":22}},"14":{"start":{"line":36,"column":13},"end":{"line":51,"column":2}},"15":{"start":{"line":53,"column":13},"end":{"line":59,"column":2}},"16":{"start":{"line":54,"column":2},"end":{"line":58,"column":24}},"17":{"start":{"line":56,"column":6},"end":{"line":56,"column":40}},"18":{"start":{"line":58,"column":16},"end":{"line":58,"column":22}},"19":{"start":{"line":61,"column":13},"end":{"line":78,"column":2}},"20":{"start":{"line":80,"column":13},"end":{"line":86,"column":2}},"21":{"start":{"line":81,"column":2},"end":{"line":85,"column":24}},"22":{"start":{"line":83,"column":6},"end":{"line":83,"column":42}},"23":{"start":{"line":85,"column":16},"end":{"line":85,"column":22}},"24":{"start":{"line":88,"column":13},"end":{"line":99,"column":2}},"25":{"start":{"line":101,"column":13},"end":{"line":107,"column":2}},"26":{"start":{"line":102,"column":2},"end":{"line":106,"column":24}},"27":{"start":{"line":104,"column":6},"end":{"line":104,"column":52}},"28":{"start":{"line":106,"column":16},"end":{"line":106,"column":22}},"29":{"start":{"line":109,"column":13},"end":{"line":114,"column":2}},"30":{"start":{"line":110,"column":17},"end":{"line":112,"column":65}},"31":{"start":{"line":113,"column":2},"end":{"line":113,"column":28}},"32":{"start":{"line":116,"column":13},"end":{"line":118,"column":2}},"33":{"start":{"line":117,"column":2},"end":{"line":117,"column":41}},"34":{"start":{"line":120,"column":18},"end":{"line":120,"column":32}},"35":{"start":{"line":121,"column":18},"end":{"line":121,"column":32}},"36":{"start":{"line":123,"column":13},"end":{"line":152,"column":2}},"37":{"start":{"line":154,"column":13},"end":{"line":163,"column":2}},"38":{"start":{"line":155,"column":2},"end":{"line":162,"column":24}},"39":{"start":{"line":157,"column":22},"end":{"line":157,"column":47}},"40":{"start":{"line":158,"column":22},"end":{"line":158,"column":47}},"41":{"start":{"line":160,"column":6},"end":{"line":160,"column":45}},"42":{"start":{"line":162,"column":16},"end":{"line":162,"column":22}}},"fnMap":{"0":{"name":"(anonymous_1)","decl":{"start":{"line":28,"column":30},"end":{"line":28,"column":33}},"loc":{"start":{"line":28,"column":37},"end":{"line":34,"column":1}}},"1":{"name":"(anonymous_2)","decl":{"start":{"line":30,"column":10},"end":{"line":30,"column":12}},"loc":{"start":{"line":30,"column":15},"end":{"line":32,"column":5}}},"2":{"name":"(anonymous_3)","decl":{"start":{"line":33,"column":10},"end":{"line":33,"column":12}},"loc":{"start":{"line":33,"column":16},"end":{"line":33,"column":22}}},"3":{"name":"(anonymous_4)","decl":{"start":{"line":53,"column":31},"end":{"line":53,"column":34}},"loc":{"start":{"line":53,"column":38},"end":{"line":59,"column":1}}},"4":{"name":"(anonymous_5)","decl":{"start":{"line":55,"column":10},"end":{"line":55,"column":12}},"loc":{"start":{"line":55,"column":15},"end":{"line":57,"column":5}}},"5":{"name":"(anonymous_6)","decl":{"start":{"line":58,"column":10},"end":{"line":58,"column":12}},"loc":{"start":{"line":58,"column":16},"end":{"line":58,"column":22}}},"6":{"name":"(anonymous_7)","decl":{"start":{"line":80,"column":32},"end":{"line":80,"column":35}},"loc":{"start":{"line":80,"column":39},"end":{"line":86,"column":1}}},"7":{"name":"(anonymous_8)","decl":{"start":{"line":82,"column":10},"end":{"line":82,"column":12}},"loc":{"start":{"line":82,"column":15},"end":{"line":84,"column":5}}},"8":{"name":"(anonymous_9)","decl":{"start":{"line":85,"column":10},"end":{"line":85,"column":12}},"loc":{"start":{"line":85,"column":16},"end":{"line":85,"column":22}}},"9":{"name":"(anonymous_10)","decl":{"start":{"line":101,"column":37},"end":{"line":101,"column":40}},"loc":{"start":{"line":101,"column":44},"end":{"line":107,"column":1}}},"10":{"name":"(anonymous_11)","decl":{"start":{"line":103,"column":10},"end":{"line":103,"column":12}},"loc":{"start":{"line":103,"column":15},"end":{"line":105,"column":5}}},"11":{"name":"(anonymous_12)","decl":{"start":{"line":106,"column":10},"end":{"line":106,"column":12}},"loc":{"start":{"line":106,"column":16},"end":{"line":106,"column":22}}},"12":{"name":"(anonymous_13)","decl":{"start":{"line":109,"column":29},"end":{"line":109,"column":32}},"loc":{"start":{"line":109,"column":36},"end":{"line":114,"column":1}}},"13":{"name":"(anonymous_14)","decl":{"start":{"line":116,"column":35},"end":{"line":116,"column":38}},"loc":{"start":{"line":116,"column":42},"end":{"line":118,"column":1}}},"14":{"name":"(anonymous_15)","decl":{"start":{"line":154,"column":29},"end":{"line":154,"column":32}},"loc":{"start":{"line":154,"column":36},"end":{"line":163,"column":1}}},"15":{"name":"(anonymous_16)","decl":{"start":{"line":156,"column":10},"end":{"line":156,"column":12}},"loc":{"start":{"line":156,"column":15},"end":{"line":161,"column":5}}},"16":{"name":"(anonymous_17)","decl":{"start":{"line":162,"column":10},"end":{"line":162,"column":12}},"loc":{"start":{"line":162,"column":16},"end":{"line":162,"column":22}}}},"branchMap":{},"s":{"0":4,"1":4,"2":4,"3":4,"4":4,"5":4,"6":4,"7":4,"8":4,"9":4,"10":4,"11":10,"12":10,"13":10,"14":4,"15":4,"16":10,"17":10,"18":10,"19":4,"20":4,"21":11,"22":11,"23":11,"24":4,"25":4,"26":10,"27":10,"28":10,"29":4,"30":1,"31":1,"32":4,"33":1,"34":4,"35":4,"36":4,"37":4,"38":41,"39":41,"40":41,"41":41,"42":41},"f":{"0":10,"1":10,"2":10,"3":10,"4":10,"5":10,"6":11,"7":11,"8":11,"9":10,"10":10,"11":10,"12":1,"13":1,"14":41,"15":41,"16":41},"b":{}}
}
