TN:
SF:C:\Users\mareksl\Documents\GitHub\ts-backend-playground\src\app.ts
FNF:0
FNH:0
DA:1,4
DA:2,4
DA:3,4
DA:5,4
DA:6,4
DA:7,4
DA:9,4
DA:11,4
DA:12,4
DA:13,4
DA:14,4
DA:15,4
DA:16,4
DA:18,4
DA:20,4
DA:22,4
DA:24,4
DA:25,4
DA:27,4
DA:31,4
DA:32,4
DA:33,4
DA:34,4
DA:35,4
DA:39,4
DA:40,4
DA:41,4
DA:42,4
DA:43,4
DA:47,4
DA:48,4
DA:49,4
DA:50,4
DA:51,4
DA:54,4
DA:55,4
DA:56,4
DA:57,4
DA:58,4
DA:61,4
DA:62,4
DA:63,4
DA:64,4
DA:66,4
LF:44
LH:44
BRF:0
BRH:0
end_of_record
TN:
SF:C:\Users\mareksl\Documents\GitHub\ts-backend-playground\src\config\config.ts
FN:7,(anonymous_0)
FNF:1
FNH:1
FNDA:12,(anonymous_0)
DA:1,4
DA:3,4
DA:4,4
DA:5,4
DA:7,4
DA:8,12
LF:6
LH:6
BRDA:1,0,0,4
BRDA:1,0,1,0
BRDA:3,1,0,4
BRDA:3,1,1,0
BRDA:3,2,0,4
BRDA:3,2,1,4
BRF:6
BRH:4
end_of_record
TN:
SF:C:\Users\mareksl\Documents\GitHub\ts-backend-playground\src\controllers\contacts.controller.ts
FN:7,(anonymous_1)
FN:20,(anonymous_2)
FN:21,(anonymous_3)
FN:24,(anonymous_4)
FN:26,(anonymous_5)
FN:27,(anonymous_6)
FN:32,(anonymous_7)
FN:40,(anonymous_8)
FN:46,(anonymous_9)
FN:49,(anonymous_10)
FN:57,(anonymous_11)
FN:63,(anonymous_12)
FN:66,(anonymous_13)
FN:91,(anonymous_14)
FN:97,(anonymous_15)
FN:100,(anonymous_16)
FN:102,(anonymous_17)
FN:103,(anonymous_18)
FNF:18
FNH:11
FNDA:3,(anonymous_1)
FNDA:2,(anonymous_2)
FNDA:1,(anonymous_3)
FNDA:1,(anonymous_4)
FNDA:1,(anonymous_5)
FNDA:0,(anonymous_6)
FNDA:3,(anonymous_7)
FNDA:2,(anonymous_8)
FNDA:0,(anonymous_9)
FNDA:3,(anonymous_10)
FNDA:2,(anonymous_11)
FNDA:0,(anonymous_12)
FNDA:1,(anonymous_13)
FNDA:1,(anonymous_14)
FNDA:0,(anonymous_15)
FNDA:0,(anonymous_16)
FNDA:0,(anonymous_17)
FNDA:0,(anonymous_18)
DA:1,4
DA:3,4
DA:4,4
DA:7,4
DA:8,3
DA:18,3
DA:20,2
DA:21,1
DA:24,4
DA:25,1
DA:26,1
DA:28,0
DA:32,4
DA:33,3
DA:35,3
DA:36,1
DA:39,2
DA:41,2
DA:42,1
DA:44,1
DA:46,0
DA:49,4
DA:50,3
DA:52,3
DA:53,1
DA:56,2
DA:58,2
DA:59,1
DA:61,1
DA:63,0
DA:66,4
DA:67,1
DA:68,1
DA:78,1
DA:79,0
DA:82,1
DA:92,1
DA:93,0
DA:95,1
DA:97,0
DA:100,4
DA:101,0
DA:102,0
DA:104,0
LF:44
LH:35
BRDA:35,0,0,1
BRDA:35,0,1,2
BRDA:41,1,0,1
BRDA:41,1,1,1
BRDA:52,2,0,1
BRDA:52,2,1,2
BRDA:58,3,0,1
BRDA:58,3,1,1
BRDA:78,4,0,0
BRDA:78,4,1,1
BRDA:92,5,0,0
BRDA:92,5,1,1
BRF:12
BRH:10
end_of_record
TN:
SF:C:\Users\mareksl\Documents\GitHub\ts-backend-playground\src\controllers\events.controller.ts
FN:6,(anonymous_1)
FN:16,(anonymous_2)
FN:17,(anonymous_3)
FN:20,(anonymous_4)
FN:22,(anonymous_5)
FN:25,(anonymous_6)
FN:30,(anonymous_7)
FN:36,(anonymous_8)
FN:42,(anonymous_9)
FN:45,(anonymous_10)
FN:53,(anonymous_11)
FN:59,(anonymous_12)
FN:62,(anonymous_13)
FN:77,(anonymous_14)
FN:83,(anonymous_15)
FN:86,(anonymous_16)
FN:88,(anonymous_17)
FN:89,(anonymous_18)
FNF:18
FNH:11
FNDA:2,(anonymous_1)
FNDA:1,(anonymous_2)
FNDA:1,(anonymous_3)
FNDA:1,(anonymous_4)
FNDA:1,(anonymous_5)
FNDA:0,(anonymous_6)
FNDA:3,(anonymous_7)
FNDA:2,(anonymous_8)
FNDA:0,(anonymous_9)
FNDA:3,(anonymous_10)
FNDA:2,(anonymous_11)
FNDA:0,(anonymous_12)
FNDA:1,(anonymous_13)
FNDA:1,(anonymous_14)
FNDA:0,(anonymous_15)
FNDA:0,(anonymous_16)
FNDA:0,(anonymous_17)
FNDA:0,(anonymous_18)
DA:1,4
DA:3,4
DA:4,4
DA:6,4
DA:7,2
DA:14,2
DA:16,1
DA:17,1
DA:20,4
DA:21,1
DA:23,1
DA:26,0
DA:30,4
DA:31,3
DA:32,3
DA:33,1
DA:35,2
DA:37,2
DA:38,1
DA:40,1
DA:42,0
DA:45,4
DA:46,3
DA:48,3
DA:49,1
DA:52,2
DA:54,2
DA:55,1
DA:57,1
DA:59,0
DA:62,4
DA:63,1
DA:64,1
DA:66,1
DA:67,0
DA:70,1
DA:78,1
DA:79,0
DA:81,1
DA:83,0
DA:86,4
DA:87,0
DA:88,0
DA:90,0
LF:44
LH:35
BRDA:32,0,0,1
BRDA:32,0,1,2
BRDA:37,1,0,1
BRDA:37,1,1,1
BRDA:48,2,0,1
BRDA:48,2,1,2
BRDA:54,3,0,1
BRDA:54,3,1,1
BRDA:66,4,0,0
BRDA:66,4,1,1
BRDA:78,5,0,0
BRDA:78,5,1,1
BRF:12
BRH:10
end_of_record
TN:
SF:C:\Users\mareksl\Documents\GitHub\ts-backend-playground\src\controllers\gallery-image.controller.ts
FN:20,(anonymous_1)
FN:27,(anonymous_2)
FN:33,(anonymous_3)
FN:36,(anonymous_4)
FN:37,(anonymous_5)
FN:42,(anonymous_6)
FN:47,(anonymous_7)
FN:49,(anonymous_8)
FN:52,(anonymous_9)
FN:54,(anonymous_10)
FN:57,(anonymous_11)
FN:62,(anonymous_12)
FN:68,(anonymous_13)
FN:74,(anonymous_14)
FN:77,(anonymous_15)
FN:85,(anonymous_16)
FN:90,(anonymous_17)
FN:95,(anonymous_18)
FN:98,(anonymous_19)
FN:113,(anonymous_20)
FN:119,(anonymous_21)
FN:122,(anonymous_22)
FN:124,(anonymous_23)
FN:125,(anonymous_24)
FNF:24
FNH:16
FNDA:1,(anonymous_1)
FNDA:1,(anonymous_2)
FNDA:1,(anonymous_3)
FNDA:1,(anonymous_4)
FNDA:1,(anonymous_5)
FNDA:1,(anonymous_6)
FNDA:1,(anonymous_7)
FNDA:0,(anonymous_8)
FNDA:1,(anonymous_9)
FNDA:1,(anonymous_10)
FNDA:0,(anonymous_11)
FNDA:3,(anonymous_12)
FNDA:2,(anonymous_13)
FNDA:0,(anonymous_14)
FNDA:3,(anonymous_15)
FNDA:2,(anonymous_16)
FNDA:1,(anonymous_17)
FNDA:0,(anonymous_18)
FNDA:1,(anonymous_19)
FNDA:1,(anonymous_20)
FNDA:0,(anonymous_21)
FNDA:0,(anonymous_22)
FNDA:0,(anonymous_23)
FNDA:0,(anonymous_24)
DA:1,4
DA:3,4
DA:4,4
DA:6,4
DA:7,4
DA:9,4
DA:18,4
DA:20,4
DA:21,1
DA:22,1
DA:23,1
DA:25,1
DA:28,1
DA:29,0
DA:31,1
DA:34,1
DA:37,1
DA:38,1
DA:39,1
DA:43,1
DA:47,1
DA:49,0
DA:52,4
DA:53,1
DA:55,1
DA:58,0
DA:62,4
DA:63,3
DA:64,3
DA:65,1
DA:67,2
DA:69,2
DA:70,1
DA:72,1
DA:74,0
DA:77,4
DA:78,3
DA:80,3
DA:81,1
DA:84,2
DA:86,2
DA:87,1
DA:89,1
DA:90,1
DA:91,1
DA:92,1
DA:95,0
DA:98,4
DA:99,1
DA:100,1
DA:102,1
DA:103,0
DA:106,1
DA:114,1
DA:115,0
DA:117,1
DA:119,0
DA:122,4
DA:123,0
DA:124,0
DA:126,0
LF:61
LH:50
BRDA:28,0,0,0
BRDA:28,0,1,1
BRDA:38,1,0,0
BRDA:38,1,1,1
BRDA:64,2,0,1
BRDA:64,2,1,2
BRDA:69,3,0,1
BRDA:69,3,1,1
BRDA:80,4,0,1
BRDA:80,4,1,2
BRDA:86,5,0,1
BRDA:86,5,1,1
BRDA:91,6,0,0
BRDA:91,6,1,1
BRDA:102,7,0,0
BRDA:102,7,1,1
BRDA:114,8,0,0
BRDA:114,8,1,1
BRF:18
BRH:13
end_of_record
TN:
SF:C:\Users\mareksl\Documents\GitHub\ts-backend-playground\src\controllers\members.controller.ts
FN:6,(anonymous_1)
FN:18,(anonymous_2)
FN:19,(anonymous_3)
FN:22,(anonymous_4)
FN:24,(anonymous_5)
FN:25,(anonymous_6)
FN:30,(anonymous_7)
FN:38,(anonymous_8)
FN:44,(anonymous_9)
FN:47,(anonymous_10)
FN:55,(anonymous_11)
FN:61,(anonymous_12)
FN:64,(anonymous_13)
FN:84,(anonymous_14)
FN:90,(anonymous_15)
FN:93,(anonymous_16)
FN:95,(anonymous_17)
FN:96,(anonymous_18)
FNF:18
FNH:11
FNDA:2,(anonymous_1)
FNDA:1,(anonymous_2)
FNDA:1,(anonymous_3)
FNDA:1,(anonymous_4)
FNDA:1,(anonymous_5)
FNDA:0,(anonymous_6)
FNDA:3,(anonymous_7)
FNDA:2,(anonymous_8)
FNDA:0,(anonymous_9)
FNDA:3,(anonymous_10)
FNDA:2,(anonymous_11)
FNDA:0,(anonymous_12)
FNDA:1,(anonymous_13)
FNDA:1,(anonymous_14)
FNDA:0,(anonymous_15)
FNDA:0,(anonymous_16)
FNDA:0,(anonymous_17)
FNDA:0,(anonymous_18)
DA:1,4
DA:3,4
DA:4,4
DA:6,4
DA:7,2
DA:16,2
DA:18,1
DA:19,1
DA:22,4
DA:23,1
DA:24,1
DA:26,0
DA:30,4
DA:31,3
DA:33,3
DA:34,1
DA:37,2
DA:39,2
DA:40,1
DA:42,1
DA:44,0
DA:47,4
DA:48,3
DA:50,3
DA:51,1
DA:54,2
DA:56,2
DA:57,1
DA:59,1
DA:61,0
DA:64,4
DA:65,1
DA:66,1
DA:75,1
DA:76,0
DA:79,1
DA:85,1
DA:86,0
DA:88,1
DA:90,0
DA:93,4
DA:94,0
DA:95,0
DA:97,0
LF:44
LH:35
BRDA:33,0,0,1
BRDA:33,0,1,2
BRDA:39,1,0,1
BRDA:39,1,1,1
BRDA:50,2,0,1
BRDA:50,2,1,2
BRDA:56,3,0,1
BRDA:56,3,1,1
BRDA:75,4,0,0
BRDA:75,4,1,1
BRDA:85,5,0,0
BRDA:85,5,1,1
BRF:12
BRH:10
end_of_record
TN:
SF:C:\Users\mareksl\Documents\GitHub\ts-backend-playground\src\controllers\static.controller.ts
FN:9,(anonymous_7)
FN:19,(anonymous_8)
FN:19,(anonymous_9)
FNF:3
FNH:0
FNDA:0,(anonymous_7)
FNDA:0,(anonymous_8)
FNDA:0,(anonymous_9)
DA:4,4
DA:5,4
DA:6,4
DA:7,4
DA:9,4
DA:10,0
DA:11,0
DA:13,0
DA:14,0
DA:16,0
DA:19,4
DA:20,0
DA:21,0
DA:22,0
DA:23,0
DA:24,0
DA:25,0
DA:26,0
DA:27,0
DA:28,0
DA:37,0
LF:21
LH:6
BRDA:10,0,0,0
BRDA:10,0,1,0
BRDA:13,1,0,0
BRDA:13,1,1,0
BRDA:26,2,0,0
BRDA:26,2,1,0
BRF:6
BRH:0
end_of_record
TN:
SF:C:\Users\mareksl\Documents\GitHub\ts-backend-playground\src\controllers\users.controller.ts
FN:7,(anonymous_1)
FN:13,(anonymous_2)
FN:14,(anonymous_3)
FN:19,(anonymous_4)
FN:23,(anonymous_5)
FN:27,(anonymous_6)
FN:28,(anonymous_7)
FN:32,(anonymous_8)
FN:37,(anonymous_9)
FN:43,(anonymous_10)
FN:44,(anonymous_11)
FNF:11
FNH:0
FNDA:0,(anonymous_1)
FNDA:0,(anonymous_2)
FNDA:0,(anonymous_3)
FNDA:0,(anonymous_4)
FNDA:0,(anonymous_5)
FNDA:0,(anonymous_6)
FNDA:0,(anonymous_7)
FNDA:0,(anonymous_8)
FNDA:0,(anonymous_9)
FNDA:0,(anonymous_10)
FNDA:0,(anonymous_11)
DA:3,4
DA:4,4
DA:7,4
DA:8,0
DA:9,0
DA:11,0
DA:13,0
DA:15,0
DA:19,4
DA:20,0
DA:23,4
DA:24,0
DA:26,0
DA:28,0
DA:29,0
DA:33,0
DA:37,4
DA:38,0
DA:39,0
DA:41,0
DA:43,0
DA:44,0
LF:22
LH:6
BRDA:38,0,0,0
BRDA:38,0,1,0
BRDA:38,1,0,0
BRDA:38,1,1,0
BRF:4
BRH:0
end_of_record
TN:
SF:C:\Users\mareksl\Documents\GitHub\ts-backend-playground\src\db\mongoose.ts
FNF:0
FNH:0
DA:1,4
DA:3,4
DA:5,4
LF:3
LH:3
BRDA:5,0,0,4
BRDA:5,0,1,0
BRF:2
BRH:1
end_of_record
TN:
SF:C:\Users\mareksl\Documents\GitHub\ts-backend-playground\src\middleware\authenticate.ts
FN:9,(anonymous_1)
FN:17,(anonymous_2)
FN:25,(anonymous_3)
FNF:3
FNH:2
FNDA:25,(anonymous_1)
FNDA:25,(anonymous_2)
FNDA:0,(anonymous_3)
DA:1,4
DA:9,4
DA:14,25
DA:16,25
DA:18,25
DA:19,0
DA:21,25
DA:22,25
DA:23,25
DA:26,0
LF:10
LH:8
BRDA:18,0,0,0
BRDA:18,0,1,25
BRF:2
BRH:1
end_of_record
TN:
SF:C:\Users\mareksl\Documents\GitHub\ts-backend-playground\src\middleware\upload.ts
FN:10,(anonymous_1)
FN:13,(anonymous_2)
FN:14,(anonymous_3)
FN:30,(anonymous_4)
FN:38,(anonymous_5)
FN:39,(anonymous_6)
FNF:6
FNH:6
FNDA:1,(anonymous_1)
FNDA:1,(anonymous_2)
FNDA:1,(anonymous_3)
FNDA:2,(anonymous_4)
FNDA:2,(anonymous_5)
FNDA:2,(anonymous_6)
DA:1,4
DA:2,4
DA:3,4
DA:4,4
DA:7,4
DA:9,4
DA:11,1
DA:14,1
DA:15,1
DA:25,4
DA:31,2
DA:32,1
DA:34,1
DA:38,4
DA:39,2
DA:40,2
DA:41,1
DA:43,1
LF:18
LH:18
BRDA:31,0,0,1
BRDA:31,0,1,1
BRDA:40,1,0,1
BRDA:40,1,1,1
BRF:4
BRH:4
end_of_record
TN:
SF:C:\Users\mareksl\Documents\GitHub\ts-backend-playground\src\models\contact.model.ts
FN:33,(anonymous_1)
FN:48,(anonymous_2)
FN:60,(anonymous_3)
FN:69,(anonymous_4)
FN:72,(anonymous_5)
FN:84,(anonymous_6)
FNF:6
FNH:6
FNDA:26,(anonymous_1)
FNDA:26,(anonymous_2)
FNDA:25,(anonymous_3)
FNDA:12,(anonymous_4)
FNDA:25,(anonymous_5)
FNDA:25,(anonymous_6)
DA:1,4
DA:2,4
DA:24,4
DA:34,26
DA:49,26
DA:61,25
DA:69,12
DA:73,25
DA:85,25
DA:90,4
DA:91,4
LF:11
LH:11
BRDA:61,0,0,25
BRDA:61,0,1,13
BRDA:73,1,0,25
BRDA:73,1,1,12
BRDA:85,2,0,25
BRDA:85,2,1,12
BRF:6
BRH:6
end_of_record
TN:
SF:C:\Users\mareksl\Documents\GitHub\ts-backend-playground\src\models\event.model.ts
FNF:0
FNH:0
DA:1,4
DA:2,4
DA:11,4
DA:36,4
DA:37,4
LF:5
LH:5
BRF:0
BRH:0
end_of_record
TN:
SF:C:\Users\mareksl\Documents\GitHub\ts-backend-playground\src\models\gallery-image.model.ts
FNF:0
FNH:0
DA:1,4
DA:9,4
DA:23,4
DA:24,4
LF:4
LH:4
BRF:0
BRH:0
end_of_record
TN:
SF:C:\Users\mareksl\Documents\GitHub\ts-backend-playground\src\models\member.model.ts
FNF:0
FNH:0
DA:1,4
DA:2,4
DA:13,4
DA:49,4
DA:50,4
LF:5
LH:5
BRF:0
BRH:0
end_of_record
TN:
SF:C:\Users\mareksl\Documents\GitHub\ts-backend-playground\src\models\user.model.ts
FN:78,(anonymous_1)
FN:98,(anonymous_2)
FN:103,(anonymous_3)
FN:113,(anonymous_4)
FN:134,(anonymous_5)
FN:140,(anonymous_6)
FN:144,(anonymous_7)
FN:145,(anonymous_8)
FN:156,(anonymous_9)
FN:163,(anonymous_10)
FN:167,(anonymous_11)
FN:168,(anonymous_12)
FNF:12
FNH:4
FNDA:0,(anonymous_1)
FNDA:0,(anonymous_2)
FNDA:0,(anonymous_3)
FNDA:25,(anonymous_4)
FNDA:0,(anonymous_5)
FNDA:0,(anonymous_6)
FNDA:0,(anonymous_7)
FNDA:0,(anonymous_8)
FNDA:0,(anonymous_9)
FNDA:82,(anonymous_10)
FNDA:82,(anonymous_11)
FNDA:82,(anonymous_12)
DA:1,4
DA:2,4
DA:4,4
DA:5,4
DA:8,4
DA:33,4
DA:78,4
DA:79,0
DA:80,0
DA:82,0
DA:92,0
DA:98,0
DA:99,0
DA:103,4
DA:104,0
DA:106,0
DA:113,4
DA:114,25
DA:117,25
DA:119,25
DA:124,0
DA:127,25
DA:134,4
DA:138,0
DA:140,0
DA:141,0
DA:142,0
DA:144,0
DA:145,0
DA:146,0
DA:147,0
DA:149,0
DA:156,4
DA:157,0
DA:158,0
DA:160,0
DA:163,4
DA:164,82
DA:166,82
DA:167,82
DA:168,82
DA:169,82
DA:170,82
DA:174,0
DA:178,4
DA:179,4
LF:46
LH:24
BRDA:88,0,0,0
BRDA:88,0,1,0
BRDA:119,1,0,25
BRDA:119,1,1,0
BRDA:141,2,0,0
BRDA:141,2,1,0
BRDA:146,3,0,0
BRDA:146,3,1,0
BRDA:166,4,0,82
BRDA:166,4,1,0
BRF:10
BRH:2
end_of_record
TN:
SF:C:\Users\mareksl\Documents\GitHub\ts-backend-playground\src\util\helpers.ts
FN:4,(anonymous_1)
FN:5,(anonymous_2)
FN:19,(anonymous_3)
FNF:3
FNH:0
FNDA:0,(anonymous_1)
FNDA:0,(anonymous_2)
FNDA:0,(anonymous_3)
DA:1,4
DA:2,4
DA:4,4
DA:5,4
DA:11,0
DA:12,0
DA:13,0
DA:14,0
DA:16,0
DA:19,4
DA:20,0
DA:21,0
LF:12
LH:5
BRDA:11,0,0,0
BRDA:11,0,1,0
BRDA:13,1,0,0
BRDA:13,1,1,0
BRDA:20,2,0,0
BRDA:20,2,1,0
BRF:6
BRH:0
end_of_record
TN:
SF:C:\Users\mareksl\Documents\GitHub\ts-backend-playground\src\util\util.ts
FN:1,pick
FN:3,(anonymous_1)
FNF:2
FNH:2
FNDA:5,pick
FNDA:20,(anonymous_1)
DA:1,5
DA:2,5
DA:3,5
DA:4,20
DA:5,9
DA:8,5
LF:6
LH:6
BRDA:4,0,0,9
BRDA:4,0,1,11
BRF:2
BRH:2
end_of_record
TN:
SF:C:\Users\mareksl\Documents\GitHub\ts-backend-playground\tests\seed\seed.ts
FN:28,(anonymous_1)
FN:30,(anonymous_2)
FN:33,(anonymous_3)
FN:53,(anonymous_4)
FN:55,(anonymous_5)
FN:58,(anonymous_6)
FN:80,(anonymous_7)
FN:82,(anonymous_8)
FN:85,(anonymous_9)
FN:101,(anonymous_10)
FN:103,(anonymous_11)
FN:106,(anonymous_12)
FN:109,(anonymous_13)
FN:116,(anonymous_14)
FN:154,(anonymous_15)
FN:156,(anonymous_16)
FN:162,(anonymous_17)
FNF:17
FNH:17
FNDA:10,(anonymous_1)
FNDA:10,(anonymous_2)
FNDA:10,(anonymous_3)
FNDA:10,(anonymous_4)
FNDA:10,(anonymous_5)
FNDA:10,(anonymous_6)
FNDA:11,(anonymous_7)
FNDA:11,(anonymous_8)
FNDA:11,(anonymous_9)
FNDA:10,(anonymous_10)
FNDA:10,(anonymous_11)
FNDA:10,(anonymous_12)
FNDA:1,(anonymous_13)
FNDA:1,(anonymous_14)
FNDA:41,(anonymous_15)
FNDA:41,(anonymous_16)
FNDA:41,(anonymous_17)
DA:1,4
DA:2,4
DA:3,4
DA:4,4
DA:5,4
DA:6,4
DA:7,4
DA:8,4
DA:9,4
DA:11,4
DA:28,4
DA:29,10
DA:31,10
DA:33,10
DA:36,4
DA:53,4
DA:54,10
DA:56,10
DA:58,10
DA:61,4
DA:80,4
DA:81,11
DA:83,11
DA:85,11
DA:88,4
DA:101,4
DA:102,10
DA:104,10
DA:106,10
DA:109,4
DA:110,1
DA:113,1
DA:116,4
DA:117,1
DA:120,4
DA:121,4
DA:123,4
DA:154,4
DA:155,41
DA:157,41
DA:158,41
DA:160,41
DA:162,41
LF:43
LH:43
BRF:0
BRH:0
end_of_record
